#! /c/Source/iverilog-install/bin/vvp
:ivl_version "12.0 (devel)" "(s20150603-1539-g2693dd32b)";
:ivl_delay_selection "TYPICAL";
:vpi_time_precision + 0;
:vpi_module "C:\iverilog\lib\ivl\system.vpi";
:vpi_module "C:\iverilog\lib\ivl\vhdl_sys.vpi";
:vpi_module "C:\iverilog\lib\ivl\vhdl_textio.vpi";
:vpi_module "C:\iverilog\lib\ivl\v2005_math.vpi";
:vpi_module "C:\iverilog\lib\ivl\va_math.vpi";
S_00000259a9f825e0 .scope module, "bus_mux" "bus_mux" 2 1;
 .timescale 0 0;
    .port_info 0 /INPUT 1 "s_2";
    .port_info 1 /INPUT 1 "s_1";
    .port_info 2 /INPUT 1 "s_0";
    .port_info 3 /INPUT 16 "I7";
    .port_info 4 /INPUT 16 "I6";
    .port_info 5 /INPUT 16 "I5";
    .port_info 6 /INPUT 16 "I4";
    .port_info 7 /INPUT 16 "I3";
    .port_info 8 /INPUT 12 "I2";
    .port_info 9 /INPUT 12 "I1";
    .port_info 10 /OUTPUT 16 "OUT";
o00000259a9fb8fd8 .functor BUFZ 12, C4<zzzzzzzzzzzz>; HiZ drive
v00000259a9fad330_0 .net "I1", 11 0, o00000259a9fb8fd8;  0 drivers
o00000259a9fb9008 .functor BUFZ 12, C4<zzzzzzzzzzzz>; HiZ drive
v00000259a9facc50_0 .net "I2", 11 0, o00000259a9fb9008;  0 drivers
o00000259a9fb9038 .functor BUFZ 16, C4<zzzzzzzzzzzzzzzz>; HiZ drive
v00000259a9fac890_0 .net "I3", 15 0, o00000259a9fb9038;  0 drivers
o00000259a9fb9068 .functor BUFZ 16, C4<zzzzzzzzzzzzzzzz>; HiZ drive
v00000259a9facb10_0 .net "I4", 15 0, o00000259a9fb9068;  0 drivers
o00000259a9fb9098 .functor BUFZ 16, C4<zzzzzzzzzzzzzzzz>; HiZ drive
v00000259a9fac570_0 .net "I5", 15 0, o00000259a9fb9098;  0 drivers
o00000259a9fb90c8 .functor BUFZ 16, C4<zzzzzzzzzzzzzzzz>; HiZ drive
v00000259a9fac930_0 .net "I6", 15 0, o00000259a9fb90c8;  0 drivers
o00000259a9fb90f8 .functor BUFZ 16, C4<zzzzzzzzzzzzzzzz>; HiZ drive
v00000259a9face30_0 .net "I7", 15 0, o00000259a9fb90f8;  0 drivers
v00000259a9facbb0_0 .net "OUT", 15 0, L_00000259aa0661f0;  1 drivers
v00000259a9faced0_0 .net *"_ivl_0", 2 0, L_00000259aa00a970;  1 drivers
L_00000259aa00c318 .functor BUFT 1, C4<001>, C4<0>, C4<0>, C4<0>;
v00000259a9faccf0_0 .net/2u *"_ivl_10", 2 0, L_00000259aa00c318;  1 drivers
v00000259a9facd90_0 .net *"_ivl_12", 0 0, L_00000259aa00b5f0;  1 drivers
L_00000259aa00c360 .functor BUFT 1, C4<0000>, C4<0>, C4<0>, C4<0>;
v00000259a9fad010_0 .net/2u *"_ivl_14", 3 0, L_00000259aa00c360;  1 drivers
v00000259a9fad0b0_0 .net *"_ivl_16", 15 0, L_00000259aa00ba50;  1 drivers
v00000259a9fad290_0 .net *"_ivl_18", 2 0, L_00000259aa00a6f0;  1 drivers
L_00000259aa00c288 .functor BUFT 1, C4<000>, C4<0>, C4<0>, C4<0>;
v00000259a9fad150_0 .net/2u *"_ivl_2", 2 0, L_00000259aa00c288;  1 drivers
L_00000259aa00c3a8 .functor BUFT 1, C4<010>, C4<0>, C4<0>, C4<0>;
v00000259a9fad1f0_0 .net/2u *"_ivl_20", 2 0, L_00000259aa00c3a8;  1 drivers
v00000259a9fac430_0 .net *"_ivl_22", 0 0, L_00000259aa00a3d0;  1 drivers
L_00000259aa00c3f0 .functor BUFT 1, C4<0000>, C4<0>, C4<0>, C4<0>;
v00000259a9fac6b0_0 .net/2u *"_ivl_24", 3 0, L_00000259aa00c3f0;  1 drivers
v00000259a9fac610_0 .net *"_ivl_26", 15 0, L_00000259aa00bb90;  1 drivers
v00000259a9fac4d0_0 .net *"_ivl_28", 2 0, L_00000259aa00bcd0;  1 drivers
L_00000259aa00c438 .functor BUFT 1, C4<011>, C4<0>, C4<0>, C4<0>;
v00000259a9fac750_0 .net/2u *"_ivl_30", 2 0, L_00000259aa00c438;  1 drivers
v00000259a9fac7f0_0 .net *"_ivl_32", 0 0, L_00000259aa00b910;  1 drivers
v00000259aa00b690_0 .net *"_ivl_34", 2 0, L_00000259aa00bd70;  1 drivers
L_00000259aa00c480 .functor BUFT 1, C4<100>, C4<0>, C4<0>, C4<0>;
v00000259aa00a0b0_0 .net/2u *"_ivl_36", 2 0, L_00000259aa00c480;  1 drivers
v00000259aa00ad30_0 .net *"_ivl_38", 0 0, L_00000259aa00a510;  1 drivers
v00000259aa00be10_0 .net *"_ivl_4", 0 0, L_00000259aa00a330;  1 drivers
v00000259aa00b190_0 .net *"_ivl_40", 2 0, L_00000259aa00b050;  1 drivers
L_00000259aa00c4c8 .functor BUFT 1, C4<101>, C4<0>, C4<0>, C4<0>;
v00000259aa00b410_0 .net/2u *"_ivl_42", 2 0, L_00000259aa00c4c8;  1 drivers
v00000259aa00b730_0 .net *"_ivl_44", 0 0, L_00000259aa00add0;  1 drivers
v00000259aa00a830_0 .net *"_ivl_46", 2 0, L_00000259aa00aa10;  1 drivers
L_00000259aa00c510 .functor BUFT 1, C4<110>, C4<0>, C4<0>, C4<0>;
v00000259aa00b9b0_0 .net/2u *"_ivl_48", 2 0, L_00000259aa00c510;  1 drivers
v00000259aa00b230_0 .net *"_ivl_50", 0 0, L_00000259aa00a470;  1 drivers
v00000259aa00a790_0 .net *"_ivl_52", 2 0, L_00000259aa00a5b0;  1 drivers
L_00000259aa00c558 .functor BUFT 1, C4<111>, C4<0>, C4<0>, C4<0>;
v00000259aa00baf0_0 .net/2u *"_ivl_54", 2 0, L_00000259aa00c558;  1 drivers
v00000259aa00b370_0 .net *"_ivl_56", 0 0, L_00000259aa00ae70;  1 drivers
L_00000259aa00c5a0 .functor BUFT 1, C4<0000000000000000>, C4<0>, C4<0>, C4<0>;
v00000259aa00ac90_0 .net/2u *"_ivl_58", 15 0, L_00000259aa00c5a0;  1 drivers
L_00000259aa00c2d0 .functor BUFT 1, C4<0000000000000000>, C4<0>, C4<0>, C4<0>;
v00000259aa00beb0_0 .net/2u *"_ivl_6", 15 0, L_00000259aa00c2d0;  1 drivers
v00000259aa00b7d0_0 .net *"_ivl_60", 15 0, L_00000259aa00a650;  1 drivers
v00000259aa00b2d0_0 .net *"_ivl_62", 15 0, L_00000259aa00af10;  1 drivers
v00000259aa00b870_0 .net *"_ivl_64", 15 0, L_00000259aa00afb0;  1 drivers
v00000259aa00a150_0 .net *"_ivl_66", 15 0, L_00000259aa00b0f0;  1 drivers
v00000259aa00bf50_0 .net *"_ivl_68", 15 0, L_00000259aa00aab0;  1 drivers
v00000259aa00b4b0_0 .net *"_ivl_70", 15 0, L_00000259aa00ab50;  1 drivers
v00000259aa00a1f0_0 .net *"_ivl_72", 15 0, L_00000259aa065f70;  1 drivers
v00000259aa00bc30_0 .net *"_ivl_8", 2 0, L_00000259aa00b550;  1 drivers
o00000259a9fb9848 .functor BUFZ 1, C4<z>; HiZ drive
v00000259aa00a290_0 .net "s_0", 0 0, o00000259a9fb9848;  0 drivers
o00000259a9fb9878 .functor BUFZ 1, C4<z>; HiZ drive
v00000259aa00a8d0_0 .net "s_1", 0 0, o00000259a9fb9878;  0 drivers
o00000259a9fb98a8 .functor BUFZ 1, C4<z>; HiZ drive
v00000259aa00abf0_0 .net "s_2", 0 0, o00000259a9fb98a8;  0 drivers
L_00000259aa00a970 .concat [ 1 1 1 0], o00000259a9fb9848, o00000259a9fb9878, o00000259a9fb98a8;
L_00000259aa00a330 .cmp/eq 3, L_00000259aa00a970, L_00000259aa00c288;
L_00000259aa00b550 .concat [ 1 1 1 0], o00000259a9fb9848, o00000259a9fb9878, o00000259a9fb98a8;
L_00000259aa00b5f0 .cmp/eq 3, L_00000259aa00b550, L_00000259aa00c318;
L_00000259aa00ba50 .concat [ 12 4 0 0], o00000259a9fb8fd8, L_00000259aa00c360;
L_00000259aa00a6f0 .concat [ 1 1 1 0], o00000259a9fb9848, o00000259a9fb9878, o00000259a9fb98a8;
L_00000259aa00a3d0 .cmp/eq 3, L_00000259aa00a6f0, L_00000259aa00c3a8;
L_00000259aa00bb90 .concat [ 12 4 0 0], o00000259a9fb9008, L_00000259aa00c3f0;
L_00000259aa00bcd0 .concat [ 1 1 1 0], o00000259a9fb9848, o00000259a9fb9878, o00000259a9fb98a8;
L_00000259aa00b910 .cmp/eq 3, L_00000259aa00bcd0, L_00000259aa00c438;
L_00000259aa00bd70 .concat [ 1 1 1 0], o00000259a9fb9848, o00000259a9fb9878, o00000259a9fb98a8;
L_00000259aa00a510 .cmp/eq 3, L_00000259aa00bd70, L_00000259aa00c480;
L_00000259aa00b050 .concat [ 1 1 1 0], o00000259a9fb9848, o00000259a9fb9878, o00000259a9fb98a8;
L_00000259aa00add0 .cmp/eq 3, L_00000259aa00b050, L_00000259aa00c4c8;
L_00000259aa00aa10 .concat [ 1 1 1 0], o00000259a9fb9848, o00000259a9fb9878, o00000259a9fb98a8;
L_00000259aa00a470 .cmp/eq 3, L_00000259aa00aa10, L_00000259aa00c510;
L_00000259aa00a5b0 .concat [ 1 1 1 0], o00000259a9fb9848, o00000259a9fb9878, o00000259a9fb98a8;
L_00000259aa00ae70 .cmp/eq 3, L_00000259aa00a5b0, L_00000259aa00c558;
L_00000259aa00a650 .functor MUXZ 16, L_00000259aa00c5a0, o00000259a9fb90f8, L_00000259aa00ae70, C4<>;
L_00000259aa00af10 .functor MUXZ 16, L_00000259aa00a650, o00000259a9fb90c8, L_00000259aa00a470, C4<>;
L_00000259aa00afb0 .functor MUXZ 16, L_00000259aa00af10, o00000259a9fb9098, L_00000259aa00add0, C4<>;
L_00000259aa00b0f0 .functor MUXZ 16, L_00000259aa00afb0, o00000259a9fb9068, L_00000259aa00a510, C4<>;
L_00000259aa00aab0 .functor MUXZ 16, L_00000259aa00b0f0, o00000259a9fb9038, L_00000259aa00b910, C4<>;
L_00000259aa00ab50 .functor MUXZ 16, L_00000259aa00aab0, L_00000259aa00bb90, L_00000259aa00a3d0, C4<>;
L_00000259aa065f70 .functor MUXZ 16, L_00000259aa00ab50, L_00000259aa00ba50, L_00000259aa00b5f0, C4<>;
L_00000259aa0661f0 .functor MUXZ 16, L_00000259aa065f70, L_00000259aa00c2d0, L_00000259aa00a330, C4<>;
# The file index is used to find the file name in the following table.
:file_names 3;
    "N/A";
    "<interactive>";
    "bus_mux.v";
