#! /c/Source/iverilog-install/bin/vvp
:ivl_version "12.0 (devel)" "(s20150603-1539-g2693dd32b)";
:ivl_delay_selection "TYPICAL";
:vpi_time_precision + 0;
:vpi_module "C:\iverilog\lib\ivl\system.vpi";
:vpi_module "C:\iverilog\lib\ivl\vhdl_sys.vpi";
:vpi_module "C:\iverilog\lib\ivl\vhdl_textio.vpi";
:vpi_module "C:\iverilog\lib\ivl\v2005_math.vpi";
:vpi_module "C:\iverilog\lib\ivl\va_math.vpi";
S_0000022662a08be0 .scope module, "control" "control" 2 1;
 .timescale 0 0;
    .port_info 0 /INPUT 1 "clk";
    .port_info 1 /INPUT 1 "FGI";
    .port_info 2 /INPUT 1 "IEN";
    .port_info 3 /INPUT 1 "E";
    .port_info 4 /INPUT 1 "Z_flag";
    .port_info 5 /INPUT 1 "N_flag";
    .port_info 6 /INPUT 16 "IR_in";
    .port_info 7 /INPUT 16 "DR_in";
    .port_info 8 /OUTPUT 3 "bus_sel";
    .port_info 9 /OUTPUT 3 "alu_sel";
    .port_info 10 /OUTPUT 1 "memory_write";
    .port_info 11 /OUTPUT 1 "AC_load";
    .port_info 12 /OUTPUT 1 "AR_load";
    .port_info 13 /OUTPUT 1 "DR_load";
    .port_info 14 /OUTPUT 1 "IR_load";
    .port_info 15 /OUTPUT 1 "PC_load";
    .port_info 16 /OUTPUT 1 "TR_load";
    .port_info 17 /OUTPUT 1 "IEN_load";
    .port_info 18 /OUTPUT 1 "E_incr";
    .port_info 19 /OUTPUT 1 "AR_incr";
    .port_info 20 /OUTPUT 1 "DR_incr";
    .port_info 21 /OUTPUT 1 "PC_incr";
    .port_info 22 /OUTPUT 1 "AC_incr";
    .port_info 23 /OUTPUT 1 "E_reset";
    .port_info 24 /OUTPUT 1 "AC_reset";
    .port_info 25 /OUTPUT 1 "AR_reset";
    .port_info 26 /OUTPUT 1 "PC_reset";
    .port_info 27 /OUTPUT 1 "IEN_reset";
    .port_info 28 /OUTPUT 1 "E_load";
L_00000226629fd090 .functor AND 1, L_0000022662aadee0, L_0000022662aad760, C4<1>, C4<1>;
L_00000226629fd640 .functor AND 1, L_0000022662aacf40, L_0000022662aacfe0, C4<1>, C4<1>;
L_00000226629fd100 .functor OR 1, L_00000226629fd090, L_00000226629fd640, C4<0>, C4<0>;
L_00000226629fd6b0 .functor AND 1, L_0000022662aad4e0, L_0000022662aad8a0, C4<1>, C4<1>;
L_00000226629fc7d0 .functor OR 1, L_0000022662aad440, L_00000226629fd6b0, C4<0>, C4<0>;
L_00000226629fc8b0 .functor AND 1, L_0000022662aad940, L_0000022662aada80, C4<1>, C4<1>;
L_00000226629fcbc0 .functor AND 1, L_0000022662aadc60, L_0000022662aaed40, C4<1>, C4<1>;
L_00000226629fcc30 .functor NOT 1, v0000022662a4c7f0_0, C4<0>, C4<0>, C4<0>;
L_0000022662af9f00 .functor AND 1, L_00000226629fcc30, L_0000022662aaf600, C4<1>, C4<1>;
L_0000022662af9db0 .functor AND 1, v0000022662a4c7f0_0, L_0000022662aaf100, C4<1>, C4<1>;
L_0000022662afa050 .functor NOT 1, v0000022662a4c7f0_0, C4<0>, C4<0>, C4<0>;
L_0000022662af9cd0 .functor AND 1, L_0000022662afa050, L_0000022662aaec00, C4<1>, C4<1>;
L_0000022662af9f70 .functor NOT 1, L_0000022662aaf380, C4<0>, C4<0>, C4<0>;
L_0000022662afa6e0 .functor AND 1, L_0000022662af9f70, L_0000022662aae480, C4<1>, C4<1>;
L_0000022662af98e0 .functor AND 1, L_0000022662afa6e0, L_0000022662aaf6a0, C4<1>, C4<1>;
L_0000022662afa0c0 .functor OR 1, L_0000022662af9cd0, L_0000022662af98e0, C4<0>, C4<0>;
L_0000022662af9aa0 .functor OR 1, L_0000022662aaeca0, L_0000022662aae340, C4<0>, C4<0>;
L_0000022662af9950 .functor OR 1, L_0000022662af9aa0, L_0000022662aaef20, C4<0>, C4<0>;
L_0000022662af9c60 .functor OR 1, L_0000022662af9950, L_0000022662aaf4c0, C4<0>, C4<0>;
L_0000022662afa130 .functor AND 1, L_0000022662aaf420, L_0000022662af9c60, C4<1>, C4<1>;
L_0000022662af9d40 .functor OR 1, L_0000022662afa0c0, L_0000022662afa130, C4<0>, C4<0>;
L_0000022662afa210 .functor AND 1, L_0000022662aaf060, L_0000022662aaf1a0, C4<1>, C4<1>;
L_0000022662af9a30 .functor AND 1, L_0000022662aae980, L_0000022662aaea20, C4<1>, C4<1>;
L_0000022662af9fe0 .functor AND 1, L_0000022662aaeac0, L_0000022662aaeb60, C4<1>, C4<1>;
L_0000022662afa750 .functor AND 1, L_0000022662aaf240, L_0000022662aaf2e0, C4<1>, C4<1>;
L_0000022662af9e20 .functor AND 1, L_0000022662b0d110, L_0000022662b0d750, C4<1>, C4<1>;
L_0000022662afa1a0 .functor AND 1, L_0000022662b0db10, L_0000022662b0e470, C4<1>, C4<1>;
L_0000022662afa280 .functor AND 1, v0000022662a4c7f0_0, L_0000022662b0d570, C4<1>, C4<1>;
L_0000022662af99c0 .functor OR 1, L_0000022662b0d390, L_0000022662b0e790, C4<0>, C4<0>;
L_0000022662afa7c0 .functor AND 1, L_0000022662af99c0, L_0000022662b0d930, C4<1>, C4<1>;
L_0000022662af9bf0 .functor AND 1, L_0000022662b0d9d0, L_0000022662b0da70, C4<1>, C4<1>;
L_0000022662af9e90 .functor OR 1, L_0000022662afa7c0, L_0000022662af9bf0, C4<0>, C4<0>;
L_0000022662afa2f0 .functor OR 1, L_0000022662afa280, L_0000022662af9e90, C4<0>, C4<0>;
L_0000022662afa360 .functor OR 1, L_0000022662b0dcf0, L_0000022662b0ded0, C4<0>, C4<0>;
L_0000022662afa3d0 .functor OR 1, L_0000022662afa360, L_0000022662b0dd90, C4<0>, C4<0>;
L_0000022662afa440 .functor AND 1, L_0000022662b0dc50, L_0000022662afa3d0, C4<1>, C4<1>;
L_0000022662af9b10 .functor OR 1, L_0000022662b0e010, L_0000022662b0e0b0, C4<0>, C4<0>;
L_0000022662afa4b0 .functor OR 1, L_0000022662af9b10, L_0000022662b0e150, C4<0>, C4<0>;
L_0000022662afa520 .functor AND 1, L_0000022662b0df70, L_0000022662afa4b0, C4<1>, C4<1>;
L_0000022662af9b80 .functor OR 1, L_0000022662afa440, L_0000022662afa520, C4<0>, C4<0>;
L_0000022662afa590 .functor OR 1, L_0000022662b0e1f0, L_0000022662b0e330, C4<0>, C4<0>;
L_0000022662afa600 .functor OR 1, L_0000022662afa590, L_0000022662b0a910, C4<0>, C4<0>;
L_0000022662afa670 .functor AND 1, L_0000022662af9b80, L_0000022662afa600, C4<1>, C4<1>;
L_0000022662b11800 .functor NOT 1, v0000022662a4c7f0_0, C4<0>, C4<0>, C4<0>;
L_0000022662b10fb0 .functor OR 1, L_0000022662b0c490, L_0000022662b0bef0, C4<0>, C4<0>;
L_0000022662b11020 .functor AND 1, L_0000022662b11800, L_0000022662b10fb0, C4<1>, C4<1>;
L_0000022662b10c30 .functor AND 1, L_0000022662b0b630, L_0000022662b0c710, C4<1>, C4<1>;
L_0000022662b11640 .functor OR 1, L_0000022662b11020, L_0000022662b10c30, C4<0>, C4<0>;
L_0000022662b11720 .functor OR 1, L_0000022662b0b6d0, L_0000022662b0b310, C4<0>, C4<0>;
L_0000022662b10ca0 .functor OR 1, L_0000022662b11720, L_0000022662b0c350, C4<0>, C4<0>;
L_0000022662b11090 .functor OR 1, L_0000022662b10ca0, L_0000022662b0c5d0, C4<0>, C4<0>;
L_0000022662b116b0 .functor AND 1, L_0000022662b0b770, L_0000022662b11090, C4<1>, C4<1>;
L_0000022662b10a70 .functor NOT 1, v0000022662a4c7f0_0, C4<0>, C4<0>, C4<0>;
L_0000022662b11330 .functor AND 1, L_0000022662b10a70, L_0000022662b0c030, C4<1>, C4<1>;
L_0000022662b10920 .functor AND 1, L_0000022662b0aeb0, L_0000022662b0cdf0, C4<1>, C4<1>;
L_0000022662b10990 .functor AND 1, L_0000022662b0a9b0, L_0000022662b0ce90, C4<1>, C4<1>;
L_0000022662b112c0 .functor OR 1, L_0000022662b10920, L_0000022662b10990, C4<0>, C4<0>;
L_0000022662b10d10 .functor AND 1, v0000022662a4c7f0_0, L_0000022662b0ad70, C4<1>, C4<1>;
L_0000022662b11790 .functor AND 1, L_0000022662b0c670, L_0000022662b0b130, C4<1>, C4<1>;
L_0000022662b10d80 .functor NOT 1, L_0000022662b15d50, C4<0>, C4<0>, C4<0>;
L_0000022662b11250 .functor AND 1, L_0000022662b0cf30, L_0000022662b0b9f0, C4<1>, C4<1>;
L_0000022662b10e60 .functor AND 1, L_0000022662b0ae10, L_0000022662b0cfd0, C4<1>, C4<1>;
L_0000022662b10df0 .functor AND 1, L_0000022662b0cb70, L_0000022662b0aa50, C4<1>, C4<1>;
L_0000022662b10b50 .functor AND 1, L_0000022662b0d070, L_0000022662b0ab90, C4<1>, C4<1>;
L_0000022662b10ae0 .functor AND 1, v0000022662a4c7f0_0, L_0000022662b0b810, C4<1>, C4<1>;
L_0000022662b11100 .functor NOT 1, v0000022662a4c7f0_0, C4<0>, C4<0>, C4<0>;
L_0000022662b113a0 .functor AND 1, L_0000022662b11100, L_0000022662b0c7b0, C4<1>, C4<1>;
L_0000022662b10a00 .functor OR 1, L_0000022662b10ae0, L_0000022662b113a0, C4<0>, C4<0>;
o0000022662a092e8 .functor BUFZ 1, C4<z>; HiZ drive
L_0000022662b115d0 .functor NOT 1, o0000022662a092e8, C4<0>, C4<0>, C4<0>;
L_0000022662b11410 .functor AND 1, L_0000022662b0b450, L_0000022662b115d0, C4<1>, C4<1>;
o0000022662a09618 .functor BUFZ 1, C4<z>; HiZ drive
L_0000022662b11170 .functor AND 1, L_0000022662b0c0d0, o0000022662a09618, C4<1>, C4<1>;
L_0000022662b10bc0 .functor OR 1, L_0000022662b11410, L_0000022662b11170, C4<0>, C4<0>;
o0000022662a094c8 .functor BUFZ 1, C4<z>; HiZ drive
L_0000022662b10ed0 .functor AND 1, L_0000022662b0b950, o0000022662a094c8, C4<1>, C4<1>;
L_0000022662b11480 .functor OR 1, L_0000022662b10bc0, L_0000022662b10ed0, C4<0>, C4<0>;
L_0000022662b111e0 .functor NOT 1, o0000022662a094c8, C4<0>, C4<0>, C4<0>;
L_0000022662b10f40 .functor AND 1, L_0000022662b0ac30, L_0000022662b111e0, C4<1>, C4<1>;
L_0000022662b114f0 .functor OR 1, L_0000022662b11480, L_0000022662b10f40, C4<0>, C4<0>;
L_0000022662b11560 .functor AND 1, L_0000022662b0aaf0, L_0000022662b114f0, C4<1>, C4<1>;
L_0000022662b16140 .functor OR 1, L_0000022662b10a00, L_0000022662b11560, C4<0>, C4<0>;
L_0000022662b166f0 .functor AND 1, L_0000022662b0acd0, L_0000022662b0af50, C4<1>, C4<1>;
L_0000022662b16300 .functor OR 1, L_0000022662b16140, L_0000022662b166f0, C4<0>, C4<0>;
L_0000022662b167d0 .functor AND 1, L_0000022662b0bf90, L_0000022662b0b1d0, C4<1>, C4<1>;
L_0000022662b16450 .functor AND 1, L_0000022662b0c850, L_0000022662b0ca30, C4<1>, C4<1>;
L_0000022662b16220 .functor OR 1, L_0000022662b167d0, L_0000022662b16450, C4<0>, C4<0>;
L_0000022662b16a70 .functor AND 1, L_0000022662b0aff0, L_0000022662b0b090, C4<1>, C4<1>;
L_0000022662b16290 .functor OR 1, L_0000022662b16220, L_0000022662b16a70, C4<0>, C4<0>;
L_0000022662b161b0 .functor AND 1, L_0000022662b0b4f0, L_0000022662b0b3b0, C4<1>, C4<1>;
L_0000022662b16bc0 .functor OR 1, L_0000022662b16290, L_0000022662b161b0, C4<0>, C4<0>;
L_0000022662b16530 .functor AND 1, L_0000022662b0bc70, L_0000022662b0c8f0, C4<1>, C4<1>;
L_0000022662b16760 .functor OR 1, L_0000022662b16bc0, L_0000022662b16530, C4<0>, C4<0>;
L_0000022662b16370 .functor AND 1, L_0000022662b0c170, L_0000022662b0c3f0, C4<1>, C4<1>;
L_0000022662b16b50 .functor OR 1, L_0000022662b16760, L_0000022662b16370, C4<0>, C4<0>;
L_0000022662b16c30 .functor AND 1, L_0000022662b0b270, L_0000022662b0b590, C4<1>, C4<1>;
L_0000022662b163e0 .functor OR 1, L_0000022662b16b50, L_0000022662b16c30, C4<0>, C4<0>;
L_0000022662b15f80 .functor AND 1, L_0000022662b0bd10, L_0000022662b0b8b0, C4<1>, C4<1>;
L_0000022662b16840 .functor OR 1, L_0000022662b163e0, L_0000022662b15f80, C4<0>, C4<0>;
L_0000022662b16ae0 .functor NOT 1, v0000022662a4c750_0, C4<0>, C4<0>, C4<0>;
L_0000022662b15d50 .functor OR 1, L_0000022662b16840, L_0000022662b16ae0, C4<0>, C4<0>;
L_0000022662b164c0 .functor AND 1, v0000022662a4c7f0_0, L_0000022662b0ba90, C4<1>, C4<1>;
L_0000022662b15ff0 .functor AND 1, L_0000022662b0cc10, L_0000022662b0c210, C4<1>, C4<1>;
L_0000022662b16a00 .functor AND 1, L_0000022662b0bb30, L_0000022662b0c990, C4<1>, C4<1>;
L_0000022662b165a0 .functor AND 1, v0000022662a4c7f0_0, L_0000022662b0bbd0, C4<1>, C4<1>;
L_0000022662b15f10 .functor AND 1, v0000022662a4c7f0_0, L_0000022662b0bdb0, C4<1>, C4<1>;
L_0000022662b16610 .functor AND 1, L_0000022662b0ccb0, L_0000022662b0be50, C4<1>, C4<1>;
L_0000022662b168b0 .functor OR 1, L_0000022662b15f10, L_0000022662b16610, C4<0>, C4<0>;
v0000022662a02dd0_0 .net "AC_incr", 0 0, L_0000022662b10df0;  1 drivers
v0000022662a03230_0 .net "AC_load", 0 0, L_0000022662af9b80;  1 drivers
v0000022662a032d0_0 .net "AC_reset", 0 0, L_0000022662b16a00;  1 drivers
v0000022662a03370_0 .net "AR_incr", 0 0, L_0000022662b10e60;  1 drivers
v0000022662a01c50_0 .net "AR_load", 0 0, L_0000022662b11640;  1 drivers
v0000022662a01cf0_0 .net "AR_reset", 0 0, L_0000022662b165a0;  1 drivers
o0000022662a09228 .functor BUFZ 16, C4<zzzzzzzzzzzzzzzz>; HiZ drive
v0000022662a02ab0_0 .net "DR_in", 15 0, o0000022662a09228;  0 drivers
v0000022662a02b50_0 .net "DR_incr", 0 0, L_0000022662b10b50;  1 drivers
v0000022662a02e70_0 .net "DR_load", 0 0, L_0000022662b116b0;  1 drivers
v0000022662a034b0_0 .var "D_signals", 7 0;
v0000022662a035f0_0 .net "E", 0 0, o0000022662a092e8;  0 drivers
v0000022662a017f0_0 .net "E_incr", 0 0, L_0000022662b11250;  1 drivers
v0000022662a4c2f0_0 .net "E_load", 0 0, L_0000022662afa670;  1 drivers
v0000022662a4ccf0_0 .net "E_reset", 0 0, L_0000022662b15ff0;  1 drivers
o0000022662a093a8 .functor BUFZ 1, C4<z>; HiZ drive
v0000022662a4b0d0_0 .net "FGI", 0 0, o0000022662a093a8;  0 drivers
o0000022662a093d8 .functor BUFZ 1, C4<z>; HiZ drive
v0000022662a4b990_0 .net "IEN", 0 0, o0000022662a093d8;  0 drivers
v0000022662a4bdf0_0 .net "IEN_load", 0 0, L_0000022662b11790;  1 drivers
v0000022662a4c110_0 .net "IEN_reset", 0 0, L_0000022662b168b0;  1 drivers
o0000022662a09468 .functor BUFZ 16, C4<zzzzzzzzzzzzzzzz>; HiZ drive
v0000022662a4b210_0 .net "IR_in", 15 0, o0000022662a09468;  0 drivers
v0000022662a4c070_0 .net "IR_load", 0 0, L_0000022662b11330;  1 drivers
v0000022662a4b490_0 .net "N_flag", 0 0, o0000022662a094c8;  0 drivers
v0000022662a4cc50_0 .net "PC_incr", 0 0, L_0000022662b16300;  1 drivers
v0000022662a4bc10_0 .net "PC_load", 0 0, L_0000022662b112c0;  1 drivers
v0000022662a4be90_0 .net "PC_reset", 0 0, L_0000022662b164c0;  1 drivers
v0000022662a4c7f0_0 .var "R", 0 0;
v0000022662a4c750_0 .var "S", 0 0;
v0000022662a4bfd0_0 .net "TR_load", 0 0, L_0000022662b10d10;  1 drivers
v0000022662a4b170_0 .net "T_out", 15 0, v0000022662a02970_0;  1 drivers
v0000022662a4bf30_0 .net "Z_flag", 0 0, o0000022662a09618;  0 drivers
v0000022662a4c6b0_0 .net *"_ivl_10", 0 0, L_00000226629fd090;  1 drivers
v0000022662a4c1b0_0 .net *"_ivl_101", 0 0, L_0000022662afa130;  1 drivers
v0000022662a4c890_0 .net *"_ivl_103", 0 0, L_0000022662af9d40;  1 drivers
L_0000022662aaf8c0 .functor BUFT 1, C4<00000001>, C4<0>, C4<0>, C4<0>;
v0000022662a4bcb0_0 .net/2u *"_ivl_105", 7 0, L_0000022662aaf8c0;  1 drivers
v0000022662a4c430_0 .net *"_ivl_107", 0 0, L_0000022662aaf740;  1 drivers
L_0000022662aaf908 .functor BUFT 1, C4<000>, C4<0>, C4<0>, C4<0>;
v0000022662a4b7b0_0 .net/2u *"_ivl_109", 2 0, L_0000022662aaf908;  1 drivers
L_0000022662aaf950 .functor BUFT 1, C4<00000010>, C4<0>, C4<0>, C4<0>;
v0000022662a4cd90_0 .net/2u *"_ivl_111", 7 0, L_0000022662aaf950;  1 drivers
v0000022662a4c4d0_0 .net *"_ivl_113", 0 0, L_0000022662aaf560;  1 drivers
L_0000022662aaf998 .functor BUFT 1, C4<001>, C4<0>, C4<0>, C4<0>;
v0000022662a4c610_0 .net/2u *"_ivl_115", 2 0, L_0000022662aaf998;  1 drivers
L_0000022662aaf9e0 .functor BUFT 1, C4<00000100>, C4<0>, C4<0>, C4<0>;
v0000022662a4ba30_0 .net/2u *"_ivl_117", 7 0, L_0000022662aaf9e0;  1 drivers
v0000022662a4ce30_0 .net *"_ivl_119", 0 0, L_0000022662aae520;  1 drivers
L_0000022662aafa28 .functor BUFT 1, C4<010>, C4<0>, C4<0>, C4<0>;
v0000022662a4c930_0 .net/2u *"_ivl_121", 2 0, L_0000022662aafa28;  1 drivers
L_0000022662aafa70 .functor BUFT 1, C4<00001000>, C4<0>, C4<0>, C4<0>;
v0000022662a4c570_0 .net/2u *"_ivl_123", 7 0, L_0000022662aafa70;  1 drivers
v0000022662a4ced0_0 .net *"_ivl_125", 0 0, L_0000022662aae8e0;  1 drivers
L_0000022662aafab8 .functor BUFT 1, C4<011>, C4<0>, C4<0>, C4<0>;
v0000022662a4b030_0 .net/2u *"_ivl_127", 2 0, L_0000022662aafab8;  1 drivers
L_0000022662aafb00 .functor BUFT 1, C4<00010000>, C4<0>, C4<0>, C4<0>;
v0000022662a4c250_0 .net/2u *"_ivl_129", 7 0, L_0000022662aafb00;  1 drivers
v0000022662a4c390_0 .net *"_ivl_13", 0 0, L_0000022662aacf40;  1 drivers
v0000022662a4b2b0_0 .net *"_ivl_131", 0 0, L_0000022662aaefc0;  1 drivers
L_0000022662aafb48 .functor BUFT 1, C4<100>, C4<0>, C4<0>, C4<0>;
v0000022662a4c9d0_0 .net/2u *"_ivl_133", 2 0, L_0000022662aafb48;  1 drivers
L_0000022662aafb90 .functor BUFT 1, C4<00100000>, C4<0>, C4<0>, C4<0>;
v0000022662a4ca70_0 .net/2u *"_ivl_135", 7 0, L_0000022662aafb90;  1 drivers
v0000022662a4cb10_0 .net *"_ivl_137", 0 0, L_0000022662aae0c0;  1 drivers
L_0000022662aafbd8 .functor BUFT 1, C4<101>, C4<0>, C4<0>, C4<0>;
v0000022662a4b350_0 .net/2u *"_ivl_139", 2 0, L_0000022662aafbd8;  1 drivers
L_0000022662aafc20 .functor BUFT 1, C4<01000000>, C4<0>, C4<0>, C4<0>;
v0000022662a4b3f0_0 .net/2u *"_ivl_141", 7 0, L_0000022662aafc20;  1 drivers
v0000022662a4b5d0_0 .net *"_ivl_143", 0 0, L_0000022662aaede0;  1 drivers
L_0000022662aafc68 .functor BUFT 1, C4<110>, C4<0>, C4<0>, C4<0>;
v0000022662a4b670_0 .net/2u *"_ivl_145", 2 0, L_0000022662aafc68;  1 drivers
L_0000022662aafcb0 .functor BUFT 1, C4<10000000>, C4<0>, C4<0>, C4<0>;
v0000022662a4b530_0 .net/2u *"_ivl_147", 7 0, L_0000022662aafcb0;  1 drivers
v0000022662a4b710_0 .net *"_ivl_149", 0 0, L_0000022662aae3e0;  1 drivers
v0000022662a4b850_0 .net *"_ivl_15", 0 0, L_0000022662aacfe0;  1 drivers
L_0000022662aafcf8 .functor BUFT 1, C4<111>, C4<0>, C4<0>, C4<0>;
v0000022662a4cbb0_0 .net/2u *"_ivl_151", 2 0, L_0000022662aafcf8;  1 drivers
L_0000022662aafd40 .functor BUFT 1, C4<000>, C4<0>, C4<0>, C4<0>;
v0000022662a4b8f0_0 .net/2u *"_ivl_153", 2 0, L_0000022662aafd40;  1 drivers
v0000022662a4bad0_0 .net *"_ivl_155", 2 0, L_0000022662aae160;  1 drivers
v0000022662a4bb70_0 .net *"_ivl_157", 2 0, L_0000022662aae200;  1 drivers
v0000022662a4bd50_0 .net *"_ivl_159", 2 0, L_0000022662aaee80;  1 drivers
v0000022662aa3500_0 .net *"_ivl_16", 0 0, L_00000226629fd640;  1 drivers
v0000022662aa2060_0 .net *"_ivl_161", 2 0, L_0000022662aae5c0;  1 drivers
v0000022662aa2560_0 .net *"_ivl_163", 2 0, L_0000022662aae2a0;  1 drivers
v0000022662aa3c80_0 .net *"_ivl_165", 2 0, L_0000022662aae660;  1 drivers
v0000022662aa29c0_0 .net *"_ivl_167", 2 0, L_0000022662aae7a0;  1 drivers
v0000022662aa2e20_0 .net *"_ivl_174", 0 0, L_0000022662aaf060;  1 drivers
v0000022662aa3d20_0 .net *"_ivl_176", 0 0, L_0000022662aaf1a0;  1 drivers
v0000022662aa3960_0 .net *"_ivl_177", 0 0, L_0000022662afa210;  1 drivers
v0000022662aa3780_0 .net *"_ivl_18", 0 0, L_00000226629fd100;  1 drivers
v0000022662aa3f00_0 .net *"_ivl_182", 0 0, L_0000022662aae980;  1 drivers
v0000022662aa2240_0 .net *"_ivl_184", 0 0, L_0000022662aaea20;  1 drivers
v0000022662aa2f60_0 .net *"_ivl_185", 0 0, L_0000022662af9a30;  1 drivers
v0000022662aa27e0_0 .net *"_ivl_190", 0 0, L_0000022662aaeac0;  1 drivers
v0000022662aa2600_0 .net *"_ivl_192", 0 0, L_0000022662aaeb60;  1 drivers
v0000022662aa3dc0_0 .net *"_ivl_193", 0 0, L_0000022662af9fe0;  1 drivers
v0000022662aa2740_0 .net *"_ivl_198", 0 0, L_0000022662aaf240;  1 drivers
L_0000022662aafd88 .functor BUFT 1, C4<0111001000000000>, C4<0>, C4<0>, C4<0>;
v0000022662aa26a0_0 .net/2u *"_ivl_199", 15 0, L_0000022662aafd88;  1 drivers
L_0000022662aaf878 .functor BUFT 1, C4<0>, C4<0>, C4<0>, C4<0>;
v0000022662aa3e60_0 .net/2s *"_ivl_2", 0 0, L_0000022662aaf878;  1 drivers
v0000022662aa3000_0 .net *"_ivl_201", 0 0, L_0000022662aaf2e0;  1 drivers
v0000022662aa2ce0_0 .net *"_ivl_203", 0 0, L_0000022662afa750;  1 drivers
v0000022662aa3b40_0 .net *"_ivl_208", 0 0, L_0000022662b0d110;  1 drivers
L_0000022662aafdd0 .functor BUFT 1, C4<0111000010000000>, C4<0>, C4<0>, C4<0>;
v0000022662aa3aa0_0 .net/2u *"_ivl_209", 15 0, L_0000022662aafdd0;  1 drivers
v0000022662aa33c0_0 .net *"_ivl_211", 0 0, L_0000022662b0d750;  1 drivers
v0000022662aa2100_0 .net *"_ivl_213", 0 0, L_0000022662af9e20;  1 drivers
v0000022662aa3640_0 .net *"_ivl_218", 0 0, L_0000022662b0db10;  1 drivers
L_0000022662aafe18 .functor BUFT 1, C4<0111000001000000>, C4<0>, C4<0>, C4<0>;
v0000022662aa21a0_0 .net/2u *"_ivl_219", 15 0, L_0000022662aafe18;  1 drivers
v0000022662aa2880_0 .net *"_ivl_221", 0 0, L_0000022662b0e470;  1 drivers
v0000022662aa22e0_0 .net *"_ivl_223", 0 0, L_0000022662afa1a0;  1 drivers
L_0000022662aafe60 .functor BUFT 1, C4<0>, C4<0>, C4<0>, C4<0>;
v0000022662aa2920_0 .net/2s *"_ivl_227", 0 0, L_0000022662aafe60;  1 drivers
v0000022662aa2380_0 .net *"_ivl_23", 0 0, L_0000022662aad440;  1 drivers
L_0000022662aafea8 .functor BUFT 1, C4<0>, C4<0>, C4<0>, C4<0>;
v0000022662aa2420_0 .net/2s *"_ivl_232", 0 0, L_0000022662aafea8;  1 drivers
L_0000022662aafef0 .functor BUFT 1, C4<00000001>, C4<0>, C4<0>, C4<0>;
v0000022662aa2b00_0 .net/2u *"_ivl_234", 7 0, L_0000022662aafef0;  1 drivers
v0000022662aa2a60_0 .net *"_ivl_236", 0 0, L_0000022662b0e510;  1 drivers
L_0000022662aaff38 .functor BUFT 1, C4<000>, C4<0>, C4<0>, C4<0>;
v0000022662aa2ba0_0 .net/2u *"_ivl_238", 2 0, L_0000022662aaff38;  1 drivers
L_0000022662aaff80 .functor BUFT 1, C4<00000010>, C4<0>, C4<0>, C4<0>;
v0000022662aa2c40_0 .net/2u *"_ivl_240", 7 0, L_0000022662aaff80;  1 drivers
v0000022662aa3460_0 .net *"_ivl_242", 0 0, L_0000022662b0d1b0;  1 drivers
L_0000022662aaffc8 .functor BUFT 1, C4<001>, C4<0>, C4<0>, C4<0>;
v0000022662aa3be0_0 .net/2u *"_ivl_244", 2 0, L_0000022662aaffc8;  1 drivers
L_0000022662ab0010 .functor BUFT 1, C4<00000100>, C4<0>, C4<0>, C4<0>;
v0000022662aa24c0_0 .net/2u *"_ivl_246", 7 0, L_0000022662ab0010;  1 drivers
v0000022662aa3820_0 .net *"_ivl_248", 0 0, L_0000022662b0d250;  1 drivers
v0000022662aa3a00_0 .net *"_ivl_25", 0 0, L_0000022662aad4e0;  1 drivers
L_0000022662ab0058 .functor BUFT 1, C4<010>, C4<0>, C4<0>, C4<0>;
v0000022662aa2d80_0 .net/2u *"_ivl_250", 2 0, L_0000022662ab0058;  1 drivers
L_0000022662ab00a0 .functor BUFT 1, C4<00001000>, C4<0>, C4<0>, C4<0>;
v0000022662aa30a0_0 .net/2u *"_ivl_252", 7 0, L_0000022662ab00a0;  1 drivers
v0000022662aa2ec0_0 .net *"_ivl_254", 0 0, L_0000022662b0d2f0;  1 drivers
L_0000022662ab00e8 .functor BUFT 1, C4<011>, C4<0>, C4<0>, C4<0>;
v0000022662aa3140_0 .net/2u *"_ivl_256", 2 0, L_0000022662ab00e8;  1 drivers
L_0000022662ab0130 .functor BUFT 1, C4<00010000>, C4<0>, C4<0>, C4<0>;
v0000022662aa31e0_0 .net/2u *"_ivl_258", 7 0, L_0000022662ab0130;  1 drivers
v0000022662aa3280_0 .net *"_ivl_260", 0 0, L_0000022662b0de30;  1 drivers
L_0000022662ab0178 .functor BUFT 1, C4<100>, C4<0>, C4<0>, C4<0>;
v0000022662aa35a0_0 .net/2u *"_ivl_262", 2 0, L_0000022662ab0178;  1 drivers
L_0000022662ab01c0 .functor BUFT 1, C4<00100000>, C4<0>, C4<0>, C4<0>;
v0000022662aa36e0_0 .net/2u *"_ivl_264", 7 0, L_0000022662ab01c0;  1 drivers
v0000022662aa3320_0 .net *"_ivl_266", 0 0, L_0000022662b0d7f0;  1 drivers
L_0000022662ab0208 .functor BUFT 1, C4<101>, C4<0>, C4<0>, C4<0>;
v0000022662aa38c0_0 .net/2u *"_ivl_268", 2 0, L_0000022662ab0208;  1 drivers
v0000022662aa42f0_0 .net *"_ivl_27", 0 0, L_0000022662aad8a0;  1 drivers
L_0000022662ab0250 .functor BUFT 1, C4<01000000>, C4<0>, C4<0>, C4<0>;
v0000022662aa5d30_0 .net/2u *"_ivl_270", 7 0, L_0000022662ab0250;  1 drivers
v0000022662aa5830_0 .net *"_ivl_272", 0 0, L_0000022662b0e290;  1 drivers
L_0000022662ab0298 .functor BUFT 1, C4<110>, C4<0>, C4<0>, C4<0>;
v0000022662aa5e70_0 .net/2u *"_ivl_274", 2 0, L_0000022662ab0298;  1 drivers
L_0000022662ab02e0 .functor BUFT 1, C4<10000000>, C4<0>, C4<0>, C4<0>;
v0000022662aa5470_0 .net/2u *"_ivl_276", 7 0, L_0000022662ab02e0;  1 drivers
v0000022662aa4ed0_0 .net *"_ivl_278", 0 0, L_0000022662b0d6b0;  1 drivers
v0000022662aa4890_0 .net *"_ivl_28", 0 0, L_00000226629fd6b0;  1 drivers
L_0000022662ab0328 .functor BUFT 1, C4<111>, C4<0>, C4<0>, C4<0>;
v0000022662aa5a10_0 .net/2u *"_ivl_280", 2 0, L_0000022662ab0328;  1 drivers
L_0000022662ab0370 .functor BUFT 1, C4<000>, C4<0>, C4<0>, C4<0>;
v0000022662aa56f0_0 .net/2u *"_ivl_282", 2 0, L_0000022662ab0370;  1 drivers
v0000022662aa4390_0 .net *"_ivl_284", 2 0, L_0000022662b0d4d0;  1 drivers
v0000022662aa5290_0 .net *"_ivl_286", 2 0, L_0000022662b0e650;  1 drivers
v0000022662aa4750_0 .net *"_ivl_288", 2 0, L_0000022662b0e3d0;  1 drivers
v0000022662aa4250_0 .net *"_ivl_290", 2 0, L_0000022662b0d430;  1 drivers
v0000022662aa4110_0 .net *"_ivl_292", 2 0, L_0000022662b0e6f0;  1 drivers
v0000022662aa44d0_0 .net *"_ivl_294", 2 0, L_0000022662b0d610;  1 drivers
v0000022662aa4d90_0 .net *"_ivl_296", 2 0, L_0000022662b0d890;  1 drivers
v0000022662aa50b0_0 .net *"_ivl_30", 0 0, L_00000226629fc7d0;  1 drivers
v0000022662aa4b10_0 .net *"_ivl_301", 0 0, L_0000022662b0d570;  1 drivers
v0000022662aa4f70_0 .net *"_ivl_302", 0 0, L_0000022662afa280;  1 drivers
v0000022662aa5330_0 .net *"_ivl_305", 0 0, L_0000022662b0d390;  1 drivers
v0000022662aa5010_0 .net *"_ivl_307", 0 0, L_0000022662b0e790;  1 drivers
v0000022662aa49d0_0 .net *"_ivl_308", 0 0, L_0000022662af99c0;  1 drivers
v0000022662aa4bb0_0 .net *"_ivl_311", 0 0, L_0000022662b0d930;  1 drivers
v0000022662aa4610_0 .net *"_ivl_312", 0 0, L_0000022662afa7c0;  1 drivers
v0000022662aa4070_0 .net *"_ivl_315", 0 0, L_0000022662b0d9d0;  1 drivers
v0000022662aa46b0_0 .net *"_ivl_317", 0 0, L_0000022662b0da70;  1 drivers
v0000022662aa4c50_0 .net *"_ivl_318", 0 0, L_0000022662af9bf0;  1 drivers
v0000022662aa5150_0 .net *"_ivl_320", 0 0, L_0000022662af9e90;  1 drivers
v0000022662aa5c90_0 .net *"_ivl_325", 0 0, L_0000022662b0dc50;  1 drivers
L_0000022662ab03b8 .functor BUFT 1, C4<0111000001000000>, C4<0>, C4<0>, C4<0>;
v0000022662aa51f0_0 .net/2u *"_ivl_326", 15 0, L_0000022662ab03b8;  1 drivers
v0000022662aa53d0_0 .net *"_ivl_328", 0 0, L_0000022662b0dcf0;  1 drivers
L_0000022662ab0400 .functor BUFT 1, C4<0111000010000000>, C4<0>, C4<0>, C4<0>;
v0000022662aa5510_0 .net/2u *"_ivl_330", 15 0, L_0000022662ab0400;  1 drivers
v0000022662aa5b50_0 .net *"_ivl_332", 0 0, L_0000022662b0ded0;  1 drivers
v0000022662aa55b0_0 .net *"_ivl_334", 0 0, L_0000022662afa360;  1 drivers
L_0000022662ab0448 .functor BUFT 1, C4<0111001000000000>, C4<0>, C4<0>, C4<0>;
v0000022662aa5ab0_0 .net/2u *"_ivl_336", 15 0, L_0000022662ab0448;  1 drivers
v0000022662aa4e30_0 .net *"_ivl_338", 0 0, L_0000022662b0dd90;  1 drivers
v0000022662aa4a70_0 .net *"_ivl_340", 0 0, L_0000022662afa3d0;  1 drivers
v0000022662aa4930_0 .net *"_ivl_342", 0 0, L_0000022662afa440;  1 drivers
v0000022662aa5dd0_0 .net *"_ivl_345", 0 0, L_0000022662b0df70;  1 drivers
v0000022662aa5650_0 .net *"_ivl_347", 0 0, L_0000022662b0e010;  1 drivers
v0000022662aa5790_0 .net *"_ivl_349", 0 0, L_0000022662b0e0b0;  1 drivers
v0000022662aa58d0_0 .net *"_ivl_35", 0 0, L_0000022662aad940;  1 drivers
v0000022662aa4cf0_0 .net *"_ivl_350", 0 0, L_0000022662af9b10;  1 drivers
v0000022662aa5f10_0 .net *"_ivl_353", 0 0, L_0000022662b0e150;  1 drivers
v0000022662aa5970_0 .net *"_ivl_354", 0 0, L_0000022662afa4b0;  1 drivers
v0000022662aa41b0_0 .net *"_ivl_356", 0 0, L_0000022662afa520;  1 drivers
L_0000022662ab0490 .functor BUFT 1, C4<0111000001000000>, C4<0>, C4<0>, C4<0>;
v0000022662aa5bf0_0 .net/2u *"_ivl_360", 15 0, L_0000022662ab0490;  1 drivers
v0000022662aa4430_0 .net *"_ivl_362", 0 0, L_0000022662b0e1f0;  1 drivers
L_0000022662ab04d8 .functor BUFT 1, C4<0111000010000000>, C4<0>, C4<0>, C4<0>;
v0000022662aa4570_0 .net/2u *"_ivl_364", 15 0, L_0000022662ab04d8;  1 drivers
v0000022662aa47f0_0 .net *"_ivl_366", 0 0, L_0000022662b0e330;  1 drivers
v0000022662aa6d00_0 .net *"_ivl_368", 0 0, L_0000022662afa590;  1 drivers
v0000022662aa68a0_0 .net *"_ivl_37", 0 0, L_0000022662aada80;  1 drivers
v0000022662aa82e0_0 .net *"_ivl_371", 0 0, L_0000022662b0a910;  1 drivers
v0000022662aa8ce0_0 .net *"_ivl_372", 0 0, L_0000022662afa600;  1 drivers
v0000022662aa7e80_0 .net *"_ivl_376", 0 0, L_0000022662b11800;  1 drivers
v0000022662aa8740_0 .net *"_ivl_379", 0 0, L_0000022662b0c490;  1 drivers
v0000022662aa7d40_0 .net *"_ivl_38", 0 0, L_00000226629fc8b0;  1 drivers
v0000022662aa69e0_0 .net *"_ivl_381", 0 0, L_0000022662b0bef0;  1 drivers
v0000022662aa7ac0_0 .net *"_ivl_382", 0 0, L_0000022662b10fb0;  1 drivers
v0000022662aa89c0_0 .net *"_ivl_384", 0 0, L_0000022662b11020;  1 drivers
v0000022662aa7fc0_0 .net *"_ivl_387", 0 0, L_0000022662b0b630;  1 drivers
v0000022662aa7f20_0 .net *"_ivl_389", 0 0, L_0000022662b0c710;  1 drivers
v0000022662aa86a0_0 .net *"_ivl_390", 0 0, L_0000022662b10c30;  1 drivers
v0000022662aa7840_0 .net *"_ivl_395", 0 0, L_0000022662b0b770;  1 drivers
v0000022662aa75c0_0 .net *"_ivl_397", 0 0, L_0000022662b0b6d0;  1 drivers
v0000022662aa6f80_0 .net *"_ivl_399", 0 0, L_0000022662b0b310;  1 drivers
v0000022662aa8560_0 .net *"_ivl_400", 0 0, L_0000022662b11720;  1 drivers
v0000022662aa7520_0 .net *"_ivl_403", 0 0, L_0000022662b0c350;  1 drivers
v0000022662aa8e20_0 .net *"_ivl_404", 0 0, L_0000022662b10ca0;  1 drivers
v0000022662aa73e0_0 .net *"_ivl_407", 0 0, L_0000022662b0c5d0;  1 drivers
v0000022662aa7980_0 .net *"_ivl_408", 0 0, L_0000022662b11090;  1 drivers
v0000022662aa8a60_0 .net *"_ivl_412", 0 0, L_0000022662b10a70;  1 drivers
v0000022662aa8600_0 .net *"_ivl_415", 0 0, L_0000022662b0c030;  1 drivers
v0000022662aa87e0_0 .net *"_ivl_419", 0 0, L_0000022662b0aeb0;  1 drivers
v0000022662aa7ca0_0 .net *"_ivl_421", 0 0, L_0000022662b0cdf0;  1 drivers
v0000022662aa8060_0 .net *"_ivl_422", 0 0, L_0000022662b10920;  1 drivers
v0000022662aa6da0_0 .net *"_ivl_425", 0 0, L_0000022662b0a9b0;  1 drivers
v0000022662aa8d80_0 .net *"_ivl_427", 0 0, L_0000022662b0ce90;  1 drivers
v0000022662aa7340_0 .net *"_ivl_428", 0 0, L_0000022662b10990;  1 drivers
v0000022662aa7020_0 .net *"_ivl_43", 0 0, L_0000022662aadc60;  1 drivers
v0000022662aa8ec0_0 .net *"_ivl_433", 0 0, L_0000022662b0ad70;  1 drivers
v0000022662aa70c0_0 .net *"_ivl_437", 0 0, L_0000022662b0c670;  1 drivers
L_0000022662ab0520 .functor BUFT 1, C4<1111000010000000>, C4<0>, C4<0>, C4<0>;
v0000022662aa7160_0 .net/2u *"_ivl_438", 15 0, L_0000022662ab0520;  1 drivers
v0000022662aa8f60_0 .net *"_ivl_440", 0 0, L_0000022662b0b130;  1 drivers
v0000022662aa9000_0 .net *"_ivl_447", 0 0, L_0000022662b0cf30;  1 drivers
L_0000022662ab0568 .functor BUFT 1, C4<0111000100000000>, C4<0>, C4<0>, C4<0>;
v0000022662aa77a0_0 .net/2u *"_ivl_448", 15 0, L_0000022662ab0568;  1 drivers
v0000022662aa8b00_0 .net *"_ivl_45", 0 0, L_0000022662aaed40;  1 drivers
v0000022662aa8920_0 .net *"_ivl_450", 0 0, L_0000022662b0b9f0;  1 drivers
v0000022662aa78e0_0 .net *"_ivl_455", 0 0, L_0000022662b0ae10;  1 drivers
v0000022662aa6940_0 .net *"_ivl_457", 0 0, L_0000022662b0cfd0;  1 drivers
v0000022662aa8380_0 .net *"_ivl_46", 0 0, L_00000226629fcbc0;  1 drivers
v0000022662aa6a80_0 .net *"_ivl_461", 0 0, L_0000022662b0cb70;  1 drivers
L_0000022662ab05b0 .functor BUFT 1, C4<0111000000100000>, C4<0>, C4<0>, C4<0>;
v0000022662aa6e40_0 .net/2u *"_ivl_462", 15 0, L_0000022662ab05b0;  1 drivers
v0000022662aa8c40_0 .net *"_ivl_464", 0 0, L_0000022662b0aa50;  1 drivers
v0000022662aa6b20_0 .net *"_ivl_469", 0 0, L_0000022662b0d070;  1 drivers
v0000022662aa6bc0_0 .net *"_ivl_471", 0 0, L_0000022662b0ab90;  1 drivers
v0000022662aa8ba0_0 .net *"_ivl_475", 0 0, L_0000022662b0b810;  1 drivers
v0000022662aa7200_0 .net *"_ivl_476", 0 0, L_0000022662b10ae0;  1 drivers
v0000022662aa6c60_0 .net *"_ivl_478", 0 0, L_0000022662b11100;  1 drivers
v0000022662aa7c00_0 .net *"_ivl_481", 0 0, L_0000022662b0c7b0;  1 drivers
v0000022662aa7480_0 .net *"_ivl_482", 0 0, L_0000022662b113a0;  1 drivers
v0000022662aa81a0_0 .net *"_ivl_484", 0 0, L_0000022662b10a00;  1 drivers
v0000022662aa6ee0_0 .net *"_ivl_487", 0 0, L_0000022662b0aaf0;  1 drivers
L_0000022662ab05f8 .functor BUFT 1, C4<0111000000000010>, C4<0>, C4<0>, C4<0>;
v0000022662aa8420_0 .net/2u *"_ivl_488", 15 0, L_0000022662ab05f8;  1 drivers
v0000022662aa7a20_0 .net *"_ivl_490", 0 0, L_0000022662b0b450;  1 drivers
v0000022662aa7de0_0 .net *"_ivl_492", 0 0, L_0000022662b115d0;  1 drivers
v0000022662aa7700_0 .net *"_ivl_494", 0 0, L_0000022662b11410;  1 drivers
L_0000022662ab0640 .functor BUFT 1, C4<0111000000000100>, C4<0>, C4<0>, C4<0>;
v0000022662aa72a0_0 .net/2u *"_ivl_496", 15 0, L_0000022662ab0640;  1 drivers
v0000022662aa84c0_0 .net *"_ivl_498", 0 0, L_0000022662b0c0d0;  1 drivers
v0000022662aa7660_0 .net *"_ivl_50", 0 0, L_00000226629fcc30;  1 drivers
v0000022662aa7b60_0 .net *"_ivl_500", 0 0, L_0000022662b11170;  1 drivers
v0000022662aa8100_0 .net *"_ivl_502", 0 0, L_0000022662b10bc0;  1 drivers
L_0000022662ab0688 .functor BUFT 1, C4<0111000000001000>, C4<0>, C4<0>, C4<0>;
v0000022662aa8240_0 .net/2u *"_ivl_504", 15 0, L_0000022662ab0688;  1 drivers
v0000022662aa8880_0 .net *"_ivl_506", 0 0, L_0000022662b0b950;  1 drivers
v0000022662aa9320_0 .net *"_ivl_508", 0 0, L_0000022662b10ed0;  1 drivers
v0000022662aa90a0_0 .net *"_ivl_510", 0 0, L_0000022662b11480;  1 drivers
L_0000022662ab06d0 .functor BUFT 1, C4<0111000000010000>, C4<0>, C4<0>, C4<0>;
v0000022662aaa540_0 .net/2u *"_ivl_512", 15 0, L_0000022662ab06d0;  1 drivers
v0000022662aa9460_0 .net *"_ivl_514", 0 0, L_0000022662b0ac30;  1 drivers
v0000022662aa9780_0 .net *"_ivl_516", 0 0, L_0000022662b111e0;  1 drivers
v0000022662aaa0e0_0 .net *"_ivl_518", 0 0, L_0000022662b10f40;  1 drivers
v0000022662aaa5e0_0 .net *"_ivl_520", 0 0, L_0000022662b114f0;  1 drivers
v0000022662aa96e0_0 .net *"_ivl_522", 0 0, L_0000022662b11560;  1 drivers
v0000022662aaa400_0 .net *"_ivl_524", 0 0, L_0000022662b16140;  1 drivers
v0000022662aaa180_0 .net *"_ivl_527", 0 0, L_0000022662b0acd0;  1 drivers
L_0000022662ab0718 .functor BUFT 1, C4<0000000000000000>, C4<0>, C4<0>, C4<0>;
v0000022662aa93c0_0 .net/2u *"_ivl_528", 15 0, L_0000022662ab0718;  1 drivers
v0000022662aa9e60_0 .net *"_ivl_53", 0 0, L_0000022662aaf600;  1 drivers
v0000022662aa9640_0 .net *"_ivl_530", 0 0, L_0000022662b0af50;  1 drivers
v0000022662aaa720_0 .net *"_ivl_532", 0 0, L_0000022662b166f0;  1 drivers
v0000022662aaa680_0 .net *"_ivl_537", 0 0, L_0000022662b0bf90;  1 drivers
v0000022662aa9280_0 .net *"_ivl_539", 0 0, L_0000022662b0b1d0;  1 drivers
v0000022662aa9d20_0 .net *"_ivl_54", 0 0, L_0000022662af9f00;  1 drivers
v0000022662aa9140_0 .net *"_ivl_540", 0 0, L_0000022662b167d0;  1 drivers
v0000022662aa91e0_0 .net *"_ivl_543", 0 0, L_0000022662b0c850;  1 drivers
v0000022662aa9500_0 .net *"_ivl_545", 0 0, L_0000022662b0ca30;  1 drivers
v0000022662aaa040_0 .net *"_ivl_546", 0 0, L_0000022662b16450;  1 drivers
v0000022662aa95a0_0 .net *"_ivl_548", 0 0, L_0000022662b16220;  1 drivers
v0000022662aa9820_0 .net *"_ivl_551", 0 0, L_0000022662b0aff0;  1 drivers
v0000022662aaa2c0_0 .net *"_ivl_553", 0 0, L_0000022662b0b090;  1 drivers
v0000022662aa98c0_0 .net *"_ivl_554", 0 0, L_0000022662b16a70;  1 drivers
v0000022662aa9960_0 .net *"_ivl_556", 0 0, L_0000022662b16290;  1 drivers
v0000022662aa9c80_0 .net *"_ivl_559", 0 0, L_0000022662b0b4f0;  1 drivers
v0000022662aa9a00_0 .net *"_ivl_561", 0 0, L_0000022662b0b3b0;  1 drivers
v0000022662aaa220_0 .net *"_ivl_562", 0 0, L_0000022662b161b0;  1 drivers
v0000022662aa9dc0_0 .net *"_ivl_564", 0 0, L_0000022662b16bc0;  1 drivers
v0000022662aa9b40_0 .net *"_ivl_567", 0 0, L_0000022662b0bc70;  1 drivers
v0000022662aa9aa0_0 .net *"_ivl_569", 0 0, L_0000022662b0c8f0;  1 drivers
v0000022662aa9be0_0 .net *"_ivl_570", 0 0, L_0000022662b16530;  1 drivers
v0000022662aa9f00_0 .net *"_ivl_572", 0 0, L_0000022662b16760;  1 drivers
v0000022662aa9fa0_0 .net *"_ivl_575", 0 0, L_0000022662b0c170;  1 drivers
v0000022662aaa360_0 .net *"_ivl_577", 0 0, L_0000022662b0c3f0;  1 drivers
v0000022662aaa4a0_0 .net *"_ivl_578", 0 0, L_0000022662b16370;  1 drivers
v0000022662aabf00_0 .net *"_ivl_580", 0 0, L_0000022662b16b50;  1 drivers
v0000022662aabc80_0 .net *"_ivl_583", 0 0, L_0000022662b0b270;  1 drivers
v0000022662aad1c0_0 .net *"_ivl_585", 0 0, L_0000022662b0b590;  1 drivers
v0000022662aad620_0 .net *"_ivl_586", 0 0, L_0000022662b16c30;  1 drivers
v0000022662aac180_0 .net *"_ivl_588", 0 0, L_0000022662b163e0;  1 drivers
v0000022662aac040_0 .net *"_ivl_59", 0 0, L_0000022662aaf100;  1 drivers
v0000022662aab960_0 .net *"_ivl_591", 0 0, L_0000022662b0bd10;  1 drivers
v0000022662aac220_0 .net *"_ivl_593", 0 0, L_0000022662b0b8b0;  1 drivers
v0000022662aadf80_0 .net *"_ivl_594", 0 0, L_0000022662b15f80;  1 drivers
v0000022662aad800_0 .net *"_ivl_596", 0 0, L_0000022662b16840;  1 drivers
v0000022662aabdc0_0 .net *"_ivl_598", 0 0, L_0000022662b16ae0;  1 drivers
v0000022662aabb40_0 .net *"_ivl_60", 0 0, L_0000022662af9db0;  1 drivers
v0000022662aacd60_0 .net *"_ivl_603", 0 0, L_0000022662b0ba90;  1 drivers
v0000022662aadb20_0 .net *"_ivl_607", 0 0, L_0000022662b0cc10;  1 drivers
L_0000022662ab0760 .functor BUFT 1, C4<0111010000000000>, C4<0>, C4<0>, C4<0>;
v0000022662aaba00_0 .net/2u *"_ivl_608", 15 0, L_0000022662ab0760;  1 drivers
v0000022662aac0e0_0 .net *"_ivl_610", 0 0, L_0000022662b0c210;  1 drivers
v0000022662aabe60_0 .net *"_ivl_615", 0 0, L_0000022662b0bb30;  1 drivers
L_0000022662ab07a8 .functor BUFT 1, C4<0111100000000000>, C4<0>, C4<0>, C4<0>;
v0000022662aadda0_0 .net/2u *"_ivl_616", 15 0, L_0000022662ab07a8;  1 drivers
v0000022662aac2c0_0 .net *"_ivl_618", 0 0, L_0000022662b0c990;  1 drivers
v0000022662aad260_0 .net *"_ivl_623", 0 0, L_0000022662b0bbd0;  1 drivers
v0000022662aadbc0_0 .net *"_ivl_627", 0 0, L_0000022662b0bdb0;  1 drivers
v0000022662aabaa0_0 .net *"_ivl_628", 0 0, L_0000022662b15f10;  1 drivers
v0000022662aacb80_0 .net *"_ivl_631", 0 0, L_0000022662b0ccb0;  1 drivers
L_0000022662ab07f0 .functor BUFT 1, C4<1111000001000000>, C4<0>, C4<0>, C4<0>;
v0000022662aacc20_0 .net/2u *"_ivl_632", 15 0, L_0000022662ab07f0;  1 drivers
v0000022662aac360_0 .net *"_ivl_634", 0 0, L_0000022662b0be50;  1 drivers
v0000022662aae020_0 .net *"_ivl_636", 0 0, L_0000022662b16610;  1 drivers
v0000022662aac400_0 .net *"_ivl_65", 0 0, L_0000022662afa050;  1 drivers
v0000022662aad580_0 .net *"_ivl_68", 0 0, L_0000022662aaec00;  1 drivers
v0000022662aade40_0 .net *"_ivl_69", 0 0, L_0000022662af9cd0;  1 drivers
v0000022662aac4a0_0 .net *"_ivl_7", 0 0, L_0000022662aadee0;  1 drivers
v0000022662aad3a0_0 .net *"_ivl_72", 0 0, L_0000022662aaf380;  1 drivers
v0000022662aadd00_0 .net *"_ivl_73", 0 0, L_0000022662af9f70;  1 drivers
v0000022662aac540_0 .net *"_ivl_76", 0 0, L_0000022662aae480;  1 drivers
v0000022662aad9e0_0 .net *"_ivl_77", 0 0, L_0000022662afa6e0;  1 drivers
v0000022662aad6c0_0 .net *"_ivl_80", 0 0, L_0000022662aaf6a0;  1 drivers
v0000022662aabd20_0 .net *"_ivl_81", 0 0, L_0000022662af98e0;  1 drivers
v0000022662aad080_0 .net *"_ivl_83", 0 0, L_0000022662afa0c0;  1 drivers
v0000022662aac5e0_0 .net *"_ivl_86", 0 0, L_0000022662aaf420;  1 drivers
v0000022662aabbe0_0 .net *"_ivl_88", 0 0, L_0000022662aaeca0;  1 drivers
v0000022662aabfa0_0 .net *"_ivl_9", 0 0, L_0000022662aad760;  1 drivers
v0000022662aac680_0 .net *"_ivl_90", 0 0, L_0000022662aae340;  1 drivers
v0000022662aaca40_0 .net *"_ivl_91", 0 0, L_0000022662af9aa0;  1 drivers
v0000022662aace00_0 .net *"_ivl_94", 0 0, L_0000022662aaef20;  1 drivers
v0000022662aac720_0 .net *"_ivl_95", 0 0, L_0000022662af9950;  1 drivers
v0000022662aacae0_0 .net *"_ivl_98", 0 0, L_0000022662aaf4c0;  1 drivers
v0000022662aad120_0 .net *"_ivl_99", 0 0, L_0000022662af9c60;  1 drivers
v0000022662aaccc0_0 .net "alu_encode", 7 0, L_0000022662b0e5b0;  1 drivers
v0000022662aac7c0_0 .net "alu_sel", 2 0, L_0000022662b0dbb0;  1 drivers
v0000022662aac860_0 .net "b_encode", 7 0, L_0000022662aae700;  1 drivers
v0000022662aac900_0 .net "bus_sel", 2 0, L_0000022662aae840;  1 drivers
o0000022662a08f88 .functor BUFZ 1, C4<z>; HiZ drive
v0000022662aab8c0_0 .net "clk", 0 0, o0000022662a08f88;  0 drivers
v0000022662aad300_0 .net "memory_write", 0 0, L_0000022662afa2f0;  1 drivers
v0000022662aac9a0_0 .net "t_inc", 0 0, L_0000022662b10d80;  1 drivers
v0000022662aacea0_0 .net "t_reset", 0 0, L_0000022662b15d50;  1 drivers
E_00000226629f4230 .event anyedge, v0000022662a4b210_0;
L_0000022662aadee0 .part v0000022662a034b0_0, 4, 1;
L_0000022662aad760 .part v0000022662a02970_0, 4, 1;
L_0000022662aacf40 .part v0000022662a034b0_0, 5, 1;
L_0000022662aacfe0 .part v0000022662a02970_0, 5, 1;
L_0000022662aad440 .part v0000022662a02970_0, 0, 1;
L_0000022662aad4e0 .part v0000022662a02970_0, 4, 1;
L_0000022662aad8a0 .part v0000022662a034b0_0, 5, 1;
L_0000022662aad940 .part v0000022662a034b0_0, 6, 1;
L_0000022662aada80 .part v0000022662a02970_0, 6, 1;
L_0000022662aadc60 .part v0000022662a034b0_0, 3, 1;
L_0000022662aaed40 .part v0000022662a02970_0, 4, 1;
L_0000022662aaf600 .part v0000022662a02970_0, 2, 1;
L_0000022662aaf100 .part v0000022662a02970_0, 1, 1;
LS_0000022662aae700_0_0 .concat8 [ 1 1 1 1], L_0000022662aaf878, L_00000226629fd100, L_00000226629fc7d0, L_00000226629fc8b0;
LS_0000022662aae700_0_4 .concat8 [ 1 1 1 1], L_00000226629fcbc0, L_0000022662af9f00, L_0000022662af9db0, L_0000022662af9d40;
L_0000022662aae700 .concat8 [ 4 4 0 0], LS_0000022662aae700_0_0, LS_0000022662aae700_0_4;
L_0000022662aaec00 .part v0000022662a02970_0, 1, 1;
L_0000022662aaf380 .part v0000022662a034b0_0, 7, 1;
L_0000022662aae480 .part o0000022662a09468, 15, 1;
L_0000022662aaf6a0 .part v0000022662a02970_0, 3, 1;
L_0000022662aaf420 .part v0000022662a02970_0, 4, 1;
L_0000022662aaeca0 .part v0000022662a034b0_0, 0, 1;
L_0000022662aae340 .part v0000022662a034b0_0, 1, 1;
L_0000022662aaef20 .part v0000022662a034b0_0, 2, 1;
L_0000022662aaf4c0 .part v0000022662a034b0_0, 6, 1;
L_0000022662aaf740 .cmp/eq 8, L_0000022662aae700, L_0000022662aaf8c0;
L_0000022662aaf560 .cmp/eq 8, L_0000022662aae700, L_0000022662aaf950;
L_0000022662aae520 .cmp/eq 8, L_0000022662aae700, L_0000022662aaf9e0;
L_0000022662aae8e0 .cmp/eq 8, L_0000022662aae700, L_0000022662aafa70;
L_0000022662aaefc0 .cmp/eq 8, L_0000022662aae700, L_0000022662aafb00;
L_0000022662aae0c0 .cmp/eq 8, L_0000022662aae700, L_0000022662aafb90;
L_0000022662aaede0 .cmp/eq 8, L_0000022662aae700, L_0000022662aafc20;
L_0000022662aae3e0 .cmp/eq 8, L_0000022662aae700, L_0000022662aafcb0;
L_0000022662aae160 .functor MUXZ 3, L_0000022662aafd40, L_0000022662aafcf8, L_0000022662aae3e0, C4<>;
L_0000022662aae200 .functor MUXZ 3, L_0000022662aae160, L_0000022662aafc68, L_0000022662aaede0, C4<>;
L_0000022662aaee80 .functor MUXZ 3, L_0000022662aae200, L_0000022662aafbd8, L_0000022662aae0c0, C4<>;
L_0000022662aae5c0 .functor MUXZ 3, L_0000022662aaee80, L_0000022662aafb48, L_0000022662aaefc0, C4<>;
L_0000022662aae2a0 .functor MUXZ 3, L_0000022662aae5c0, L_0000022662aafab8, L_0000022662aae8e0, C4<>;
L_0000022662aae660 .functor MUXZ 3, L_0000022662aae2a0, L_0000022662aafa28, L_0000022662aae520, C4<>;
L_0000022662aae7a0 .functor MUXZ 3, L_0000022662aae660, L_0000022662aaf998, L_0000022662aaf560, C4<>;
L_0000022662aae840 .functor MUXZ 3, L_0000022662aae7a0, L_0000022662aaf908, L_0000022662aaf740, C4<>;
L_0000022662aaf060 .part v0000022662a02970_0, 5, 1;
L_0000022662aaf1a0 .part v0000022662a034b0_0, 0, 1;
L_0000022662aae980 .part v0000022662a02970_0, 5, 1;
L_0000022662aaea20 .part v0000022662a034b0_0, 1, 1;
L_0000022662aaeac0 .part v0000022662a02970_0, 5, 1;
L_0000022662aaeb60 .part v0000022662a034b0_0, 2, 1;
L_0000022662aaf240 .part v0000022662a02970_0, 3, 1;
L_0000022662aaf2e0 .cmp/eq 16, o0000022662a09468, L_0000022662aafd88;
L_0000022662b0d110 .part v0000022662a02970_0, 3, 1;
L_0000022662b0d750 .cmp/eq 16, o0000022662a09468, L_0000022662aafdd0;
L_0000022662b0db10 .part v0000022662a02970_0, 3, 1;
L_0000022662b0e470 .cmp/eq 16, o0000022662a09468, L_0000022662aafe18;
LS_0000022662b0e5b0_0_0 .concat8 [ 1 1 1 1], L_0000022662afa210, L_0000022662af9a30, L_0000022662af9fe0, L_0000022662afa750;
LS_0000022662b0e5b0_0_4 .concat8 [ 1 1 1 1], L_0000022662af9e20, L_0000022662afa1a0, L_0000022662aafe60, L_0000022662aafea8;
L_0000022662b0e5b0 .concat8 [ 4 4 0 0], LS_0000022662b0e5b0_0_0, LS_0000022662b0e5b0_0_4;
L_0000022662b0e510 .cmp/eq 8, L_0000022662b0e5b0, L_0000022662aafef0;
L_0000022662b0d1b0 .cmp/eq 8, L_0000022662b0e5b0, L_0000022662aaff80;
L_0000022662b0d250 .cmp/eq 8, L_0000022662b0e5b0, L_0000022662ab0010;
L_0000022662b0d2f0 .cmp/eq 8, L_0000022662b0e5b0, L_0000022662ab00a0;
L_0000022662b0de30 .cmp/eq 8, L_0000022662b0e5b0, L_0000022662ab0130;
L_0000022662b0d7f0 .cmp/eq 8, L_0000022662b0e5b0, L_0000022662ab01c0;
L_0000022662b0e290 .cmp/eq 8, L_0000022662b0e5b0, L_0000022662ab0250;
L_0000022662b0d6b0 .cmp/eq 8, L_0000022662b0e5b0, L_0000022662ab02e0;
L_0000022662b0d4d0 .functor MUXZ 3, L_0000022662ab0370, L_0000022662ab0328, L_0000022662b0d6b0, C4<>;
L_0000022662b0e650 .functor MUXZ 3, L_0000022662b0d4d0, L_0000022662ab0298, L_0000022662b0e290, C4<>;
L_0000022662b0e3d0 .functor MUXZ 3, L_0000022662b0e650, L_0000022662ab0208, L_0000022662b0d7f0, C4<>;
L_0000022662b0d430 .functor MUXZ 3, L_0000022662b0e3d0, L_0000022662ab0178, L_0000022662b0de30, C4<>;
L_0000022662b0e6f0 .functor MUXZ 3, L_0000022662b0d430, L_0000022662ab00e8, L_0000022662b0d2f0, C4<>;
L_0000022662b0d610 .functor MUXZ 3, L_0000022662b0e6f0, L_0000022662ab0058, L_0000022662b0d250, C4<>;
L_0000022662b0d890 .functor MUXZ 3, L_0000022662b0d610, L_0000022662aaffc8, L_0000022662b0d1b0, C4<>;
L_0000022662b0dbb0 .functor MUXZ 3, L_0000022662b0d890, L_0000022662aaff38, L_0000022662b0e510, C4<>;
L_0000022662b0d570 .part v0000022662a02970_0, 1, 1;
L_0000022662b0d390 .part v0000022662a034b0_0, 3, 1;
L_0000022662b0e790 .part v0000022662a034b0_0, 5, 1;
L_0000022662b0d930 .part v0000022662a02970_0, 4, 1;
L_0000022662b0d9d0 .part v0000022662a02970_0, 6, 1;
L_0000022662b0da70 .part v0000022662a034b0_0, 6, 1;
L_0000022662b0dc50 .part v0000022662a02970_0, 3, 1;
L_0000022662b0dcf0 .cmp/eq 16, o0000022662a09468, L_0000022662ab03b8;
L_0000022662b0ded0 .cmp/eq 16, o0000022662a09468, L_0000022662ab0400;
L_0000022662b0dd90 .cmp/eq 16, o0000022662a09468, L_0000022662ab0448;
L_0000022662b0df70 .part v0000022662a02970_0, 5, 1;
L_0000022662b0e010 .part v0000022662a034b0_0, 0, 1;
L_0000022662b0e0b0 .part v0000022662a034b0_0, 1, 1;
L_0000022662b0e150 .part v0000022662a034b0_0, 2, 1;
L_0000022662b0e1f0 .cmp/eq 16, o0000022662a09468, L_0000022662ab0490;
L_0000022662b0e330 .cmp/eq 16, o0000022662a09468, L_0000022662ab04d8;
L_0000022662b0a910 .part v0000022662a034b0_0, 1, 1;
L_0000022662b0c490 .part v0000022662a02970_0, 0, 1;
L_0000022662b0bef0 .part v0000022662a02970_0, 2, 1;
L_0000022662b0b630 .part o0000022662a09468, 15, 1;
L_0000022662b0c710 .part v0000022662a02970_0, 3, 1;
L_0000022662b0b770 .part v0000022662a02970_0, 4, 1;
L_0000022662b0b6d0 .part v0000022662a034b0_0, 0, 1;
L_0000022662b0b310 .part v0000022662a034b0_0, 1, 1;
L_0000022662b0c350 .part v0000022662a034b0_0, 2, 1;
L_0000022662b0c5d0 .part v0000022662a034b0_0, 6, 1;
L_0000022662b0c030 .part v0000022662a02970_0, 1, 1;
L_0000022662b0aeb0 .part v0000022662a02970_0, 4, 1;
L_0000022662b0cdf0 .part v0000022662a034b0_0, 4, 1;
L_0000022662b0a9b0 .part v0000022662a02970_0, 5, 1;
L_0000022662b0ce90 .part v0000022662a034b0_0, 5, 1;
L_0000022662b0ad70 .part v0000022662a02970_0, 0, 1;
L_0000022662b0c670 .part v0000022662a02970_0, 3, 1;
L_0000022662b0b130 .cmp/eq 16, o0000022662a09468, L_0000022662ab0520;
L_0000022662b0cf30 .part v0000022662a02970_0, 3, 1;
L_0000022662b0b9f0 .cmp/eq 16, o0000022662a09468, L_0000022662ab0568;
L_0000022662b0ae10 .part v0000022662a02970_0, 4, 1;
L_0000022662b0cfd0 .part v0000022662a034b0_0, 5, 1;
L_0000022662b0cb70 .part v0000022662a02970_0, 3, 1;
L_0000022662b0aa50 .cmp/eq 16, o0000022662a09468, L_0000022662ab05b0;
L_0000022662b0d070 .part v0000022662a02970_0, 5, 1;
L_0000022662b0ab90 .part v0000022662a034b0_0, 6, 1;
L_0000022662b0b810 .part v0000022662a02970_0, 2, 1;
L_0000022662b0c7b0 .part v0000022662a02970_0, 1, 1;
L_0000022662b0aaf0 .part v0000022662a02970_0, 3, 1;
L_0000022662b0b450 .cmp/eq 16, o0000022662a09468, L_0000022662ab05f8;
L_0000022662b0c0d0 .cmp/eq 16, o0000022662a09468, L_0000022662ab0640;
L_0000022662b0b950 .cmp/eq 16, o0000022662a09468, L_0000022662ab0688;
L_0000022662b0ac30 .cmp/eq 16, o0000022662a09468, L_0000022662ab06d0;
L_0000022662b0acd0 .part v0000022662a02970_0, 6, 1;
L_0000022662b0af50 .cmp/eq 16, o0000022662a09228, L_0000022662ab0718;
L_0000022662b0bf90 .part v0000022662a034b0_0, 7, 1;
L_0000022662b0b1d0 .part v0000022662a02970_0, 3, 1;
L_0000022662b0c850 .part v0000022662a034b0_0, 0, 1;
L_0000022662b0ca30 .part v0000022662a02970_0, 5, 1;
L_0000022662b0aff0 .part v0000022662a034b0_0, 1, 1;
L_0000022662b0b090 .part v0000022662a02970_0, 5, 1;
L_0000022662b0b4f0 .part v0000022662a034b0_0, 2, 1;
L_0000022662b0b3b0 .part v0000022662a02970_0, 5, 1;
L_0000022662b0bc70 .part v0000022662a034b0_0, 3, 1;
L_0000022662b0c8f0 .part v0000022662a02970_0, 4, 1;
L_0000022662b0c170 .part v0000022662a034b0_0, 4, 1;
L_0000022662b0c3f0 .part v0000022662a02970_0, 4, 1;
L_0000022662b0b270 .part v0000022662a034b0_0, 5, 1;
L_0000022662b0b590 .part v0000022662a02970_0, 5, 1;
L_0000022662b0bd10 .part v0000022662a034b0_0, 6, 1;
L_0000022662b0b8b0 .part v0000022662a02970_0, 6, 1;
L_0000022662b0ba90 .part v0000022662a02970_0, 1, 1;
L_0000022662b0cc10 .part v0000022662a02970_0, 3, 1;
L_0000022662b0c210 .cmp/eq 16, o0000022662a09468, L_0000022662ab0760;
L_0000022662b0bb30 .part v0000022662a02970_0, 3, 1;
L_0000022662b0c990 .cmp/eq 16, o0000022662a09468, L_0000022662ab07a8;
L_0000022662b0bbd0 .part v0000022662a02970_0, 0, 1;
L_0000022662b0bdb0 .part v0000022662a02970_0, 2, 1;
L_0000022662b0ccb0 .part v0000022662a02970_0, 3, 1;
L_0000022662b0be50 .cmp/eq 16, o0000022662a09468, L_0000022662ab07f0;
S_00000226629b75d0 .scope module, "Timerr" "timeseq" 2 18, 3 1 0, S_0000022662a08be0;
 .timescale 0 0;
    .port_info 0 /INPUT 1 "clk";
    .port_info 1 /INPUT 1 "incr";
    .port_info 2 /INPUT 1 "reset";
    .port_info 3 /OUTPUT 16 "OUT";
v0000022662a02970_0 .var "OUT", 15 0;
v0000022662a030f0_0 .net "clk", 0 0, o0000022662a08f88;  alias, 0 drivers
v0000022662a03690_0 .var "counter", 3 0;
v0000022662a03410_0 .net "incr", 0 0, L_0000022662b10d80;  alias, 1 drivers
v0000022662a01a70_0 .net "reset", 0 0, L_0000022662b15d50;  alias, 1 drivers
E_00000226629f47f0 .event anyedge, v0000022662a03690_0;
E_00000226629f49b0 .event posedge, v0000022662a030f0_0;
    .scope S_00000226629b75d0;
T_0 ;
    %pushi/vec4 0, 0, 4;
    %store/vec4 v0000022662a03690_0, 0, 4;
    %pushi/vec4 0, 0, 16;
    %store/vec4 v0000022662a02970_0, 0, 16;
    %end;
    .thread T_0;
    .scope S_00000226629b75d0;
T_1 ;
    %wait E_00000226629f49b0;
    %load/vec4 v0000022662a01a70_0;
    %flag_set/vec4 8;
    %jmp/0xz  T_1.0, 8;
    %pushi/vec4 0, 0, 4;
    %assign/vec4 v0000022662a03690_0, 0;
    %jmp T_1.1;
T_1.0 ;
    %load/vec4 v0000022662a03410_0;
    %flag_set/vec4 8;
    %jmp/0xz  T_1.2, 8;
    ; show_stmt_assign_vector: Get l-value for compressed += operand
    %load/vec4 v0000022662a03690_0;
    %pushi/vec4 1, 0, 4;
    %add;
    %store/vec4 v0000022662a03690_0, 0, 4;
    %jmp T_1.3;
T_1.2 ;
    %load/vec4 v0000022662a03690_0;
    %assign/vec4 v0000022662a03690_0, 0;
T_1.3 ;
T_1.1 ;
    %jmp T_1;
    .thread T_1;
    .scope S_00000226629b75d0;
T_2 ;
    %wait E_00000226629f47f0;
    %load/vec4 v0000022662a03690_0;
    %dup/vec4;
    %pushi/vec4 0, 0, 4;
    %cmp/u;
    %jmp/1 T_2.0, 6;
    %dup/vec4;
    %pushi/vec4 1, 0, 4;
    %cmp/u;
    %jmp/1 T_2.1, 6;
    %dup/vec4;
    %pushi/vec4 2, 0, 4;
    %cmp/u;
    %jmp/1 T_2.2, 6;
    %dup/vec4;
    %pushi/vec4 3, 0, 4;
    %cmp/u;
    %jmp/1 T_2.3, 6;
    %dup/vec4;
    %pushi/vec4 4, 0, 4;
    %cmp/u;
    %jmp/1 T_2.4, 6;
    %dup/vec4;
    %pushi/vec4 5, 0, 4;
    %cmp/u;
    %jmp/1 T_2.5, 6;
    %dup/vec4;
    %pushi/vec4 6, 0, 4;
    %cmp/u;
    %jmp/1 T_2.6, 6;
    %dup/vec4;
    %pushi/vec4 7, 0, 4;
    %cmp/u;
    %jmp/1 T_2.7, 6;
    %dup/vec4;
    %pushi/vec4 8, 0, 4;
    %cmp/u;
    %jmp/1 T_2.8, 6;
    %dup/vec4;
    %pushi/vec4 9, 0, 4;
    %cmp/u;
    %jmp/1 T_2.9, 6;
    %dup/vec4;
    %pushi/vec4 10, 0, 4;
    %cmp/u;
    %jmp/1 T_2.10, 6;
    %dup/vec4;
    %pushi/vec4 11, 0, 4;
    %cmp/u;
    %jmp/1 T_2.11, 6;
    %dup/vec4;
    %pushi/vec4 12, 0, 4;
    %cmp/u;
    %jmp/1 T_2.12, 6;
    %dup/vec4;
    %pushi/vec4 13, 0, 4;
    %cmp/u;
    %jmp/1 T_2.13, 6;
    %dup/vec4;
    %pushi/vec4 14, 0, 4;
    %cmp/u;
    %jmp/1 T_2.14, 6;
    %dup/vec4;
    %pushi/vec4 15, 0, 4;
    %cmp/u;
    %jmp/1 T_2.15, 6;
    %pushi/vec4 0, 0, 16;
    %store/vec4 v0000022662a02970_0, 0, 16;
    %jmp T_2.17;
T_2.0 ;
    %pushi/vec4 1, 0, 16;
    %store/vec4 v0000022662a02970_0, 0, 16;
    %jmp T_2.17;
T_2.1 ;
    %pushi/vec4 2, 0, 16;
    %store/vec4 v0000022662a02970_0, 0, 16;
    %jmp T_2.17;
T_2.2 ;
    %pushi/vec4 4, 0, 16;
    %store/vec4 v0000022662a02970_0, 0, 16;
    %jmp T_2.17;
T_2.3 ;
    %pushi/vec4 8, 0, 16;
    %store/vec4 v0000022662a02970_0, 0, 16;
    %jmp T_2.17;
T_2.4 ;
    %pushi/vec4 16, 0, 16;
    %store/vec4 v0000022662a02970_0, 0, 16;
    %jmp T_2.17;
T_2.5 ;
    %pushi/vec4 32, 0, 16;
    %store/vec4 v0000022662a02970_0, 0, 16;
    %jmp T_2.17;
T_2.6 ;
    %pushi/vec4 64, 0, 16;
    %store/vec4 v0000022662a02970_0, 0, 16;
    %jmp T_2.17;
T_2.7 ;
    %pushi/vec4 128, 0, 16;
    %store/vec4 v0000022662a02970_0, 0, 16;
    %jmp T_2.17;
T_2.8 ;
    %pushi/vec4 256, 0, 16;
    %store/vec4 v0000022662a02970_0, 0, 16;
    %jmp T_2.17;
T_2.9 ;
    %pushi/vec4 512, 0, 16;
    %store/vec4 v0000022662a02970_0, 0, 16;
    %jmp T_2.17;
T_2.10 ;
    %pushi/vec4 1024, 0, 16;
    %store/vec4 v0000022662a02970_0, 0, 16;
    %jmp T_2.17;
T_2.11 ;
    %pushi/vec4 2048, 0, 16;
    %store/vec4 v0000022662a02970_0, 0, 16;
    %jmp T_2.17;
T_2.12 ;
    %pushi/vec4 4096, 0, 16;
    %store/vec4 v0000022662a02970_0, 0, 16;
    %jmp T_2.17;
T_2.13 ;
    %pushi/vec4 8192, 0, 16;
    %store/vec4 v0000022662a02970_0, 0, 16;
    %jmp T_2.17;
T_2.14 ;
    %pushi/vec4 16384, 0, 16;
    %store/vec4 v0000022662a02970_0, 0, 16;
    %jmp T_2.17;
T_2.15 ;
    %pushi/vec4 32768, 0, 16;
    %store/vec4 v0000022662a02970_0, 0, 16;
    %jmp T_2.17;
T_2.17 ;
    %pop/vec4 1;
    %jmp T_2;
    .thread T_2, $push;
    .scope S_0000022662a08be0;
T_3 ;
    %pushi/vec4 0, 0, 1;
    %store/vec4 v0000022662a4c7f0_0, 0, 1;
    %pushi/vec4 1, 0, 1;
    %store/vec4 v0000022662a4c750_0, 0, 1;
    %pushi/vec4 0, 0, 8;
    %store/vec4 v0000022662a034b0_0, 0, 8;
    %end;
    .thread T_3;
    .scope S_0000022662a08be0;
T_4 ;
    %wait E_00000226629f4230;
    %load/vec4 v0000022662a4b210_0;
    %parti/s 3, 12, 5;
    %dup/vec4;
    %pushi/vec4 0, 0, 3;
    %cmp/u;
    %jmp/1 T_4.0, 6;
    %dup/vec4;
    %pushi/vec4 1, 0, 3;
    %cmp/u;
    %jmp/1 T_4.1, 6;
    %dup/vec4;
    %pushi/vec4 2, 0, 3;
    %cmp/u;
    %jmp/1 T_4.2, 6;
    %dup/vec4;
    %pushi/vec4 3, 0, 3;
    %cmp/u;
    %jmp/1 T_4.3, 6;
    %dup/vec4;
    %pushi/vec4 4, 0, 3;
    %cmp/u;
    %jmp/1 T_4.4, 6;
    %dup/vec4;
    %pushi/vec4 5, 0, 3;
    %cmp/u;
    %jmp/1 T_4.5, 6;
    %dup/vec4;
    %pushi/vec4 6, 0, 3;
    %cmp/u;
    %jmp/1 T_4.6, 6;
    %dup/vec4;
    %pushi/vec4 7, 0, 3;
    %cmp/u;
    %jmp/1 T_4.7, 6;
    %pushi/vec4 0, 0, 8;
    %store/vec4 v0000022662a034b0_0, 0, 8;
    %jmp T_4.9;
T_4.0 ;
    %pushi/vec4 1, 0, 8;
    %store/vec4 v0000022662a034b0_0, 0, 8;
    %jmp T_4.9;
T_4.1 ;
    %pushi/vec4 2, 0, 8;
    %store/vec4 v0000022662a034b0_0, 0, 8;
    %jmp T_4.9;
T_4.2 ;
    %pushi/vec4 4, 0, 8;
    %store/vec4 v0000022662a034b0_0, 0, 8;
    %jmp T_4.9;
T_4.3 ;
    %pushi/vec4 8, 0, 8;
    %store/vec4 v0000022662a034b0_0, 0, 8;
    %jmp T_4.9;
T_4.4 ;
    %pushi/vec4 16, 0, 8;
    %store/vec4 v0000022662a034b0_0, 0, 8;
    %jmp T_4.9;
T_4.5 ;
    %pushi/vec4 32, 0, 8;
    %store/vec4 v0000022662a034b0_0, 0, 8;
    %jmp T_4.9;
T_4.6 ;
    %pushi/vec4 64, 0, 8;
    %store/vec4 v0000022662a034b0_0, 0, 8;
    %jmp T_4.9;
T_4.7 ;
    %pushi/vec4 128, 0, 8;
    %store/vec4 v0000022662a034b0_0, 0, 8;
    %jmp T_4.9;
T_4.9 ;
    %pop/vec4 1;
    %jmp T_4;
    .thread T_4, $push;
    .scope S_0000022662a08be0;
T_5 ;
    %wait E_00000226629f49b0;
    %load/vec4 v0000022662a4b170_0;
    %parti/s 1, 0, 2;
    %inv;
    %load/vec4 v0000022662a4b170_0;
    %parti/s 1, 1, 2;
    %inv;
    %and;
    %load/vec4 v0000022662a4b170_0;
    %parti/s 1, 2, 3;
    %inv;
    %and;
    %load/vec4 v0000022662a4b990_0;
    %and;
    %load/vec4 v0000022662a4b0d0_0;
    %and;
    %flag_set/vec4 8;
    %jmp/0xz  T_5.0, 8;
    %pushi/vec4 1, 0, 1;
    %assign/vec4 v0000022662a4c7f0_0, 0;
    %jmp T_5.1;
T_5.0 ;
    %load/vec4 v0000022662a4c7f0_0;
    %load/vec4 v0000022662a4b170_0;
    %parti/s 1, 2, 3;
    %and;
    %flag_set/vec4 8;
    %jmp/0xz  T_5.2, 8;
    %pushi/vec4 0, 0, 1;
    %assign/vec4 v0000022662a4c7f0_0, 0;
    %jmp T_5.3;
T_5.2 ;
    %load/vec4 v0000022662a4c7f0_0;
    %assign/vec4 v0000022662a4c7f0_0, 0;
T_5.3 ;
T_5.1 ;
    %jmp T_5;
    .thread T_5;
    .scope S_0000022662a08be0;
T_6 ;
    %wait E_00000226629f49b0;
    %load/vec4 v0000022662a4b170_0;
    %parti/s 1, 3, 3;
    %load/vec4 v0000022662a4b210_0;
    %pushi/vec4 28673, 0, 16;
    %cmp/e;
    %flag_get/vec4 4;
    %and;
    %flag_set/vec4 8;
    %jmp/0xz  T_6.0, 8;
    %pushi/vec4 0, 0, 1;
    %assign/vec4 v0000022662a4c750_0, 0;
    %jmp T_6.1;
T_6.0 ;
    %load/vec4 v0000022662a4c750_0;
    %assign/vec4 v0000022662a4c750_0, 0;
T_6.1 ;
    %jmp T_6;
    .thread T_6;
# The file index is used to find the file name in the following table.
:file_names 4;
    "N/A";
    "<interactive>";
    "control.v";
    "timeseq.v";
