#! /c/Source/iverilog-install/bin/vvp
:ivl_version "12.0 (devel)" "(s20150603-1539-g2693dd32b)";
:ivl_delay_selection "TYPICAL";
:vpi_time_precision + 0;
:vpi_module "C:\iverilog\lib\ivl\system.vpi";
:vpi_module "C:\iverilog\lib\ivl\vhdl_sys.vpi";
:vpi_module "C:\iverilog\lib\ivl\vhdl_textio.vpi";
:vpi_module "C:\iverilog\lib\ivl\v2005_math.vpi";
:vpi_module "C:\iverilog\lib\ivl\va_math.vpi";
S_00000230a66f24d0 .scope module, "memory" "memory" 2 1;
 .timescale 0 0;
    .port_info 0 /INPUT 1 "clk";
    .port_info 1 /INPUT 1 "write";
    .port_info 2 /INPUT 12 "AR_wire";
    .port_info 3 /INPUT 16 "D_in";
    .port_info 4 /OUTPUT 16 "OUT";
L_00000230a66f2d70 .functor BUFZ 16, L_00000230a67248b0, C4<0000000000000000>, C4<0000000000000000>, C4<0000000000000000>;
o00000230a6727fd8 .functor BUFZ 12, C4<zzzzzzzzzzzz>; HiZ drive
v00000230a66f2b30_0 .net "AR_wire", 11 0, o00000230a6727fd8;  0 drivers
o00000230a6728008 .functor BUFZ 16, C4<zzzzzzzzzzzzzzzz>; HiZ drive
v00000230a66f2660_0 .net "D_in", 15 0, o00000230a6728008;  0 drivers
v00000230a66f2700_0 .net "OUT", 15 0, L_00000230a66f2d70;  1 drivers
v00000230a66f27a0_0 .net *"_ivl_0", 15 0, L_00000230a67248b0;  1 drivers
v00000230a66f2840_0 .net *"_ivl_2", 13 0, L_00000230a6724950;  1 drivers
L_00000230a6768c38 .functor BUFT 1, C4<00>, C4<0>, C4<0>, C4<0>;
v00000230a6724630_0 .net *"_ivl_5", 1 0, L_00000230a6768c38;  1 drivers
o00000230a67280f8 .functor BUFZ 1, C4<z>; HiZ drive
v00000230a67246d0_0 .net "clk", 0 0, o00000230a67280f8;  0 drivers
v00000230a6724770 .array "memoryblock", 0 4095, 15 0;
o00000230a6728128 .functor BUFZ 1, C4<z>; HiZ drive
v00000230a6724810_0 .net "write", 0 0, o00000230a6728128;  0 drivers
E_00000230a66d91e0 .event posedge, v00000230a67246d0_0;
L_00000230a67248b0 .array/port v00000230a6724770, L_00000230a6724950;
L_00000230a6724950 .concat [ 12 2 0 0], o00000230a6727fd8, L_00000230a6768c38;
    .scope S_00000230a66f24d0;
T_0 ;
    %pushi/vec4 0, 0, 16;
    %ix/load 4, 0, 0;
    %flag_set/imm 4, 0;
    %store/vec4a v00000230a6724770, 4, 0;
    %pushi/vec4 16640, 0, 16;
    %ix/load 4, 1, 0;
    %flag_set/imm 4, 0;
    %store/vec4a v00000230a6724770, 4, 0;
    %pushi/vec4 8272, 0, 16;
    %ix/load 4, 2, 0;
    %flag_set/imm 4, 0;
    %store/vec4a v00000230a6724770, 4, 0;
    %pushi/vec4 32849, 0, 16;
    %ix/load 4, 3, 0;
    %flag_set/imm 4, 0;
    %store/vec4a v00000230a6724770, 4, 0;
    %pushi/vec4 4179, 0, 16;
    %ix/load 4, 4, 0;
    %flag_set/imm 4, 0;
    %store/vec4a v00000230a6724770, 4, 0;
    %pushi/vec4 65535, 0, 16;
    %ix/load 4, 80, 0;
    %flag_set/imm 4, 0;
    %store/vec4a v00000230a6724770, 4, 0;
    %pushi/vec4 82, 0, 16;
    %ix/load 4, 81, 0;
    %flag_set/imm 4, 0;
    %store/vec4a v00000230a6724770, 4, 0;
    %pushi/vec4 4369, 0, 16;
    %ix/load 4, 82, 0;
    %flag_set/imm 4, 0;
    %store/vec4a v00000230a6724770, 4, 0;
    %pushi/vec4 1, 0, 16;
    %ix/load 4, 83, 0;
    %flag_set/imm 4, 0;
    %store/vec4a v00000230a6724770, 4, 0;
    %end;
    .thread T_0;
    .scope S_00000230a66f24d0;
T_1 ;
    %wait E_00000230a66d91e0;
    %load/vec4 v00000230a6724810_0;
    %flag_set/vec4 8;
    %jmp/0xz  T_1.0, 8;
    %load/vec4 v00000230a66f2660_0;
    %load/vec4 v00000230a66f2b30_0;
    %pad/u 14;
    %ix/vec4 3;
    %ix/load 4, 0, 0; Constant delay
    %assign/vec4/a/d v00000230a6724770, 0, 4;
    %jmp T_1.1;
T_1.0 ;
    %load/vec4 v00000230a66f2b30_0;
    %pad/u 14;
    %ix/vec4 4;
    %load/vec4a v00000230a6724770, 4;
    %load/vec4 v00000230a66f2b30_0;
    %pad/u 14;
    %ix/vec4 3;
    %ix/load 4, 0, 0; Constant delay
    %assign/vec4/a/d v00000230a6724770, 0, 4;
T_1.1 ;
    %jmp T_1;
    .thread T_1;
# The file index is used to find the file name in the following table.
:file_names 3;
    "N/A";
    "<interactive>";
    "memory.v";
