#! /c/Source/iverilog-install/bin/vvp
:ivl_version "12.0 (devel)" "(s20150603-1539-g2693dd32b)";
:ivl_delay_selection "TYPICAL";
:vpi_time_precision + 0;
:vpi_module "C:\iverilog\lib\ivl\system.vpi";
:vpi_module "C:\iverilog\lib\ivl\vhdl_sys.vpi";
:vpi_module "C:\iverilog\lib\ivl\vhdl_textio.vpi";
:vpi_module "C:\iverilog\lib\ivl\v2005_math.vpi";
:vpi_module "C:\iverilog\lib\ivl\va_math.vpi";
S_00000161d38925e0 .scope module, "sixteenbitreg" "sixteenbitreg" 2 1;
 .timescale 0 0;
    .port_info 0 /INPUT 1 "clk";
    .port_info 1 /INPUT 1 "load";
    .port_info 2 /INPUT 1 "incr";
    .port_info 3 /INPUT 1 "reset";
    .port_info 4 /INPUT 16 "D_in";
    .port_info 5 /OUTPUT 16 "OUT";
o00000161d38c6fd8 .functor BUFZ 16, C4<zzzzzzzzzzzzzzzz>; HiZ drive
v00000161d3892b50_0 .net "D_in", 15 0, o00000161d38c6fd8;  0 drivers
v00000161d387eee0_0 .var "OUT", 15 0;
o00000161d38c7038 .functor BUFZ 1, C4<z>; HiZ drive
v00000161d3892770_0 .net "clk", 0 0, o00000161d38c7038;  0 drivers
o00000161d38c7068 .functor BUFZ 1, C4<z>; HiZ drive
v00000161d3892810_0 .net "incr", 0 0, o00000161d38c7068;  0 drivers
o00000161d38c7098 .functor BUFZ 1, C4<z>; HiZ drive
v00000161d38928b0_0 .net "load", 0 0, o00000161d38c7098;  0 drivers
o00000161d38c70c8 .functor BUFZ 1, C4<z>; HiZ drive
v00000161d387bc30_0 .net "reset", 0 0, o00000161d38c70c8;  0 drivers
E_00000161d387d600 .event posedge, v00000161d3892770_0;
    .scope S_00000161d38925e0;
T_0 ;
    %pushi/vec4 0, 0, 16;
    %store/vec4 v00000161d387eee0_0, 0, 16;
    %end;
    .thread T_0;
    .scope S_00000161d38925e0;
T_1 ;
    %wait E_00000161d387d600;
    %load/vec4 v00000161d387bc30_0;
    %flag_set/vec4 8;
    %jmp/0xz  T_1.0, 8;
    %pushi/vec4 0, 0, 16;
    %assign/vec4 v00000161d387eee0_0, 0;
    %jmp T_1.1;
T_1.0 ;
    %load/vec4 v00000161d38928b0_0;
    %flag_set/vec4 8;
    %jmp/0xz  T_1.2, 8;
    %load/vec4 v00000161d3892b50_0;
    %assign/vec4 v00000161d387eee0_0, 0;
    %jmp T_1.3;
T_1.2 ;
    %load/vec4 v00000161d3892810_0;
    %flag_set/vec4 8;
    %jmp/0xz  T_1.4, 8;
    %load/vec4 v00000161d387eee0_0;
    %addi 1, 0, 16;
    %assign/vec4 v00000161d387eee0_0, 0;
    %jmp T_1.5;
T_1.4 ;
    %load/vec4 v00000161d387eee0_0;
    %assign/vec4 v00000161d387eee0_0, 0;
T_1.5 ;
T_1.3 ;
T_1.1 ;
    %jmp T_1;
    .thread T_1;
# The file index is used to find the file name in the following table.
:file_names 3;
    "N/A";
    "<interactive>";
    "sixteenbitreg.v";
