#! /c/Source/iverilog-install/bin/vvp
:ivl_version "12.0 (devel)" "(s20150603-1539-g2693dd32b)";
:ivl_delay_selection "TYPICAL";
:vpi_time_precision + 0;
:vpi_module "C:\iverilog\lib\ivl\system.vpi";
:vpi_module "C:\iverilog\lib\ivl\vhdl_sys.vpi";
:vpi_module "C:\iverilog\lib\ivl\vhdl_textio.vpi";
:vpi_module "C:\iverilog\lib\ivl\v2005_math.vpi";
:vpi_module "C:\iverilog\lib\ivl\va_math.vpi";
S_00000218ec7224d0 .scope module, "timeseq" "timeseq" 2 1;
 .timescale 0 0;
    .port_info 0 /INPUT 1 "clk";
    .port_info 1 /INPUT 1 "incr";
    .port_info 2 /INPUT 1 "reset";
    .port_info 3 /OUTPUT 16 "OUT";
v00000218ec759f30_0 .var "OUT", 15 0;
o00000218ec75a008 .functor BUFZ 1, C4<z>; HiZ drive
v00000218ec722660_0 .net "clk", 0 0, o00000218ec75a008;  0 drivers
v00000218ec722700_0 .var "counter", 3 0;
o00000218ec75a068 .functor BUFZ 1, C4<z>; HiZ drive
v00000218ec7227a0_0 .net "incr", 0 0, o00000218ec75a068;  0 drivers
o00000218ec75a098 .functor BUFZ 1, C4<z>; HiZ drive
v00000218ec722840_0 .net "reset", 0 0, o00000218ec75a098;  0 drivers
E_00000218ec70a640 .event anyedge, v00000218ec722700_0;
E_00000218ec70ac40 .event posedge, v00000218ec722660_0;
    .scope S_00000218ec7224d0;
T_0 ;
    %pushi/vec4 0, 0, 4;
    %store/vec4 v00000218ec722700_0, 0, 4;
    %pushi/vec4 0, 0, 16;
    %store/vec4 v00000218ec759f30_0, 0, 16;
    %end;
    .thread T_0;
    .scope S_00000218ec7224d0;
T_1 ;
    %wait E_00000218ec70ac40;
    %load/vec4 v00000218ec722840_0;
    %flag_set/vec4 8;
    %jmp/0xz  T_1.0, 8;
    %pushi/vec4 0, 0, 4;
    %assign/vec4 v00000218ec722700_0, 0;
    %jmp T_1.1;
T_1.0 ;
    %load/vec4 v00000218ec7227a0_0;
    %flag_set/vec4 8;
    %jmp/0xz  T_1.2, 8;
    ; show_stmt_assign_vector: Get l-value for compressed += operand
    %load/vec4 v00000218ec722700_0;
    %pushi/vec4 1, 0, 4;
    %add;
    %store/vec4 v00000218ec722700_0, 0, 4;
    %jmp T_1.3;
T_1.2 ;
    %load/vec4 v00000218ec722700_0;
    %assign/vec4 v00000218ec722700_0, 0;
T_1.3 ;
T_1.1 ;
    %jmp T_1;
    .thread T_1;
    .scope S_00000218ec7224d0;
T_2 ;
    %wait E_00000218ec70a640;
    %load/vec4 v00000218ec722700_0;
    %dup/vec4;
    %pushi/vec4 0, 0, 4;
    %cmp/u;
    %jmp/1 T_2.0, 6;
    %dup/vec4;
    %pushi/vec4 1, 0, 4;
    %cmp/u;
    %jmp/1 T_2.1, 6;
    %dup/vec4;
    %pushi/vec4 2, 0, 4;
    %cmp/u;
    %jmp/1 T_2.2, 6;
    %dup/vec4;
    %pushi/vec4 3, 0, 4;
    %cmp/u;
    %jmp/1 T_2.3, 6;
    %dup/vec4;
    %pushi/vec4 4, 0, 4;
    %cmp/u;
    %jmp/1 T_2.4, 6;
    %dup/vec4;
    %pushi/vec4 5, 0, 4;
    %cmp/u;
    %jmp/1 T_2.5, 6;
    %dup/vec4;
    %pushi/vec4 6, 0, 4;
    %cmp/u;
    %jmp/1 T_2.6, 6;
    %dup/vec4;
    %pushi/vec4 7, 0, 4;
    %cmp/u;
    %jmp/1 T_2.7, 6;
    %dup/vec4;
    %pushi/vec4 8, 0, 4;
    %cmp/u;
    %jmp/1 T_2.8, 6;
    %dup/vec4;
    %pushi/vec4 9, 0, 4;
    %cmp/u;
    %jmp/1 T_2.9, 6;
    %dup/vec4;
    %pushi/vec4 10, 0, 4;
    %cmp/u;
    %jmp/1 T_2.10, 6;
    %dup/vec4;
    %pushi/vec4 11, 0, 4;
    %cmp/u;
    %jmp/1 T_2.11, 6;
    %dup/vec4;
    %pushi/vec4 12, 0, 4;
    %cmp/u;
    %jmp/1 T_2.12, 6;
    %dup/vec4;
    %pushi/vec4 13, 0, 4;
    %cmp/u;
    %jmp/1 T_2.13, 6;
    %dup/vec4;
    %pushi/vec4 14, 0, 4;
    %cmp/u;
    %jmp/1 T_2.14, 6;
    %dup/vec4;
    %pushi/vec4 15, 0, 4;
    %cmp/u;
    %jmp/1 T_2.15, 6;
    %pushi/vec4 0, 0, 16;
    %store/vec4 v00000218ec759f30_0, 0, 16;
    %jmp T_2.17;
T_2.0 ;
    %pushi/vec4 1, 0, 16;
    %store/vec4 v00000218ec759f30_0, 0, 16;
    %jmp T_2.17;
T_2.1 ;
    %pushi/vec4 2, 0, 16;
    %store/vec4 v00000218ec759f30_0, 0, 16;
    %jmp T_2.17;
T_2.2 ;
    %pushi/vec4 4, 0, 16;
    %store/vec4 v00000218ec759f30_0, 0, 16;
    %jmp T_2.17;
T_2.3 ;
    %pushi/vec4 8, 0, 16;
    %store/vec4 v00000218ec759f30_0, 0, 16;
    %jmp T_2.17;
T_2.4 ;
    %pushi/vec4 16, 0, 16;
    %store/vec4 v00000218ec759f30_0, 0, 16;
    %jmp T_2.17;
T_2.5 ;
    %pushi/vec4 32, 0, 16;
    %store/vec4 v00000218ec759f30_0, 0, 16;
    %jmp T_2.17;
T_2.6 ;
    %pushi/vec4 64, 0, 16;
    %store/vec4 v00000218ec759f30_0, 0, 16;
    %jmp T_2.17;
T_2.7 ;
    %pushi/vec4 128, 0, 16;
    %store/vec4 v00000218ec759f30_0, 0, 16;
    %jmp T_2.17;
T_2.8 ;
    %pushi/vec4 256, 0, 16;
    %store/vec4 v00000218ec759f30_0, 0, 16;
    %jmp T_2.17;
T_2.9 ;
    %pushi/vec4 512, 0, 16;
    %store/vec4 v00000218ec759f30_0, 0, 16;
    %jmp T_2.17;
T_2.10 ;
    %pushi/vec4 1024, 0, 16;
    %store/vec4 v00000218ec759f30_0, 0, 16;
    %jmp T_2.17;
T_2.11 ;
    %pushi/vec4 2048, 0, 16;
    %store/vec4 v00000218ec759f30_0, 0, 16;
    %jmp T_2.17;
T_2.12 ;
    %pushi/vec4 4096, 0, 16;
    %store/vec4 v00000218ec759f30_0, 0, 16;
    %jmp T_2.17;
T_2.13 ;
    %pushi/vec4 8192, 0, 16;
    %store/vec4 v00000218ec759f30_0, 0, 16;
    %jmp T_2.17;
T_2.14 ;
    %pushi/vec4 16384, 0, 16;
    %store/vec4 v00000218ec759f30_0, 0, 16;
    %jmp T_2.17;
T_2.15 ;
    %pushi/vec4 32768, 0, 16;
    %store/vec4 v00000218ec759f30_0, 0, 16;
    %jmp T_2.17;
T_2.17 ;
    %pop/vec4 1;
    %jmp T_2;
    .thread T_2, $push;
# The file index is used to find the file name in the following table.
:file_names 3;
    "N/A";
    "<interactive>";
    "timeseq.v";
