#! /c/Source/iverilog-install/bin/vvp
:ivl_version "12.0 (devel)" "(s20150603-1539-g2693dd32b)";
:ivl_delay_selection "TYPICAL";
:vpi_time_precision + 0;
:vpi_module "C:\iverilog\lib\ivl\system.vpi";
:vpi_module "C:\iverilog\lib\ivl\vhdl_sys.vpi";
:vpi_module "C:\iverilog\lib\ivl\vhdl_textio.vpi";
:vpi_module "C:\iverilog\lib\ivl\v2005_math.vpi";
:vpi_module "C:\iverilog\lib\ivl\va_math.vpi";
S_000001e83a9dec80 .scope module, "twelvebitreg" "twelvebitreg" 2 1;
 .timescale 0 0;
    .port_info 0 /INPUT 1 "clk";
    .port_info 1 /INPUT 1 "load";
    .port_info 2 /INPUT 1 "incr";
    .port_info 3 /INPUT 1 "reset";
    .port_info 4 /INPUT 12 "D_in";
    .port_info 5 /OUTPUT 12 "OUT";
o000001e83a896fd8 .functor BUFZ 12, C4<zzzzzzzzzzzz>; HiZ drive
v000001e83a862b50_0 .net "D_in", 11 0, o000001e83a896fd8;  0 drivers
v000001e83a8628e0_0 .var "OUT", 11 0;
o000001e83a897038 .functor BUFZ 1, C4<z>; HiZ drive
v000001e83a9dee10_0 .net "clk", 0 0, o000001e83a897038;  0 drivers
o000001e83a897068 .functor BUFZ 1, C4<z>; HiZ drive
v000001e83a9deeb0_0 .net "incr", 0 0, o000001e83a897068;  0 drivers
o000001e83a897098 .functor BUFZ 1, C4<z>; HiZ drive
v000001e83a9db840_0 .net "load", 0 0, o000001e83a897098;  0 drivers
o000001e83a8970c8 .functor BUFZ 1, C4<z>; HiZ drive
v000001e83a9db8e0_0 .net "reset", 0 0, o000001e83a8970c8;  0 drivers
E_000001e83a9dce30 .event posedge, v000001e83a9dee10_0;
    .scope S_000001e83a9dec80;
T_0 ;
    %pushi/vec4 2, 0, 12;
    %store/vec4 v000001e83a8628e0_0, 0, 12;
    %end;
    .thread T_0;
    .scope S_000001e83a9dec80;
T_1 ;
    %wait E_000001e83a9dce30;
    %load/vec4 v000001e83a9db8e0_0;
    %flag_set/vec4 8;
    %jmp/0xz  T_1.0, 8;
    %pushi/vec4 0, 0, 12;
    %assign/vec4 v000001e83a8628e0_0, 0;
    %jmp T_1.1;
T_1.0 ;
    %load/vec4 v000001e83a9db840_0;
    %flag_set/vec4 8;
    %jmp/0xz  T_1.2, 8;
    %load/vec4 v000001e83a862b50_0;
    %assign/vec4 v000001e83a8628e0_0, 0;
    %jmp T_1.3;
T_1.2 ;
    %load/vec4 v000001e83a9deeb0_0;
    %flag_set/vec4 8;
    %jmp/0xz  T_1.4, 8;
    %load/vec4 v000001e83a8628e0_0;
    %addi 1, 0, 12;
    %assign/vec4 v000001e83a8628e0_0, 0;
    %jmp T_1.5;
T_1.4 ;
    %load/vec4 v000001e83a8628e0_0;
    %assign/vec4 v000001e83a8628e0_0, 0;
T_1.5 ;
T_1.3 ;
T_1.1 ;
    %jmp T_1;
    .thread T_1;
# The file index is used to find the file name in the following table.
:file_names 3;
    "N/A";
    "<interactive>";
    "twelvebitreg.v";
